{"C:\\Users\\david.cortes\\Downloads\\Proyecto ADN\\adn-ceiba-backend\\dist\\infraestructura\\migraciones\\1640715600437-MigracionTesting.js": {"path":"C:\\Users\\david.cortes\\Downloads\\Proyecto ADN\\adn-ceiba-backend\\dist\\infraestructura\\migraciones\\1640715600437-MigracionTesting.js","statementMap":{"0":{"start":{"line":2,"column":0},"end":{"line":2,"column":62}},"1":{"start":{"line":5,"column":8},"end":{"line":5,"column":52}},"2":{"start":{"line":8,"column":8},"end":{"line":8,"column":445}},"3":{"start":{"line":9,"column":8},"end":{"line":9,"column":465}},"4":{"start":{"line":10,"column":8},"end":{"line":10,"column":404}},"5":{"start":{"line":11,"column":8},"end":{"line":11,"column":481}},"6":{"start":{"line":12,"column":8},"end":{"line":12,"column":323}},"7":{"start":{"line":13,"column":8},"end":{"line":13,"column":222}},"8":{"start":{"line":14,"column":8},"end":{"line":14,"column":216}},"9":{"start":{"line":15,"column":8},"end":{"line":15,"column":231}},"10":{"start":{"line":18,"column":8},"end":{"line":18,"column":130}},"11":{"start":{"line":19,"column":8},"end":{"line":19,"column":130}},"12":{"start":{"line":20,"column":8},"end":{"line":20,"column":129}},"13":{"start":{"line":21,"column":8},"end":{"line":21,"column":67}},"14":{"start":{"line":22,"column":8},"end":{"line":22,"column":66}},"15":{"start":{"line":23,"column":8},"end":{"line":23,"column":80}},"16":{"start":{"line":24,"column":8},"end":{"line":24,"column":79}},"17":{"start":{"line":25,"column":8},"end":{"line":25,"column":68}},"18":{"start":{"line":28,"column":0},"end":{"line":28,"column":70}}},"fnMap":{"0":{"name":"(anonymous_0)","decl":{"start":{"line":4,"column":4},"end":{"line":4,"column":5}},"loc":{"start":{"line":4,"column":18},"end":{"line":6,"column":5}},"line":4},"1":{"name":"(anonymous_1)","decl":{"start":{"line":7,"column":4},"end":{"line":7,"column":5}},"loc":{"start":{"line":7,"column":26},"end":{"line":16,"column":5}},"line":7},"2":{"name":"(anonymous_2)","decl":{"start":{"line":17,"column":4},"end":{"line":17,"column":5}},"loc":{"start":{"line":17,"column":28},"end":{"line":26,"column":5}},"line":17}},"branchMap":{},"s":{"0":5,"1":5,"2":0,"3":0,"4":0,"5":0,"6":0,"7":0,"8":0,"9":0,"10":0,"11":0,"12":0,"13":0,"14":0,"15":0,"16":0,"17":0,"18":5},"f":{"0":5,"1":0,"2":0},"b":{},"inputSourceMap":null,"_coverageSchema":"1a1c01bbd47fc00a2c39e90264f33305004495a9","hash":"9a245ea7f6590996f853f3530faff3eb951ded8c"}
,"C:\\Users\\david.cortes\\Downloads\\Proyecto ADN\\adn-ceiba-backend\\dist\\infraestructura\\migraciones\\1642024392178-MigracionTesting.js": {"path":"C:\\Users\\david.cortes\\Downloads\\Proyecto ADN\\adn-ceiba-backend\\dist\\infraestructura\\migraciones\\1642024392178-MigracionTesting.js","statementMap":{"0":{"start":{"line":2,"column":0},"end":{"line":2,"column":62}},"1":{"start":{"line":5,"column":8},"end":{"line":5,"column":52}},"2":{"start":{"line":8,"column":8},"end":{"line":8,"column":129}},"3":{"start":{"line":9,"column":8},"end":{"line":9,"column":222}},"4":{"start":{"line":12,"column":8},"end":{"line":12,"column":129}},"5":{"start":{"line":13,"column":8},"end":{"line":13,"column":224}},"6":{"start":{"line":16,"column":0},"end":{"line":16,"column":70}}},"fnMap":{"0":{"name":"(anonymous_0)","decl":{"start":{"line":4,"column":4},"end":{"line":4,"column":5}},"loc":{"start":{"line":4,"column":18},"end":{"line":6,"column":5}},"line":4},"1":{"name":"(anonymous_1)","decl":{"start":{"line":7,"column":4},"end":{"line":7,"column":5}},"loc":{"start":{"line":7,"column":26},"end":{"line":10,"column":5}},"line":7},"2":{"name":"(anonymous_2)","decl":{"start":{"line":11,"column":4},"end":{"line":11,"column":5}},"loc":{"start":{"line":11,"column":28},"end":{"line":14,"column":5}},"line":11}},"branchMap":{},"s":{"0":5,"1":5,"2":0,"3":0,"4":0,"5":0,"6":5},"f":{"0":5,"1":0,"2":0},"b":{},"inputSourceMap":null,"_coverageSchema":"1a1c01bbd47fc00a2c39e90264f33305004495a9","hash":"64177a2dc450f9d02369423ee56c68d2fa71cbd4"}
,"C:\\Users\\david.cortes\\Downloads\\Proyecto ADN\\adn-ceiba-backend\\dist\\infraestructura\\pedido\\entidad\\pedido.entidad.js": {"path":"C:\\Users\\david.cortes\\Downloads\\Proyecto ADN\\adn-ceiba-backend\\dist\\infraestructura\\pedido\\entidad\\pedido.entidad.js","statementMap":{"0":{"start":{"line":2,"column":17},"end":{"line":7,"column":1}},"1":{"start":{"line":3,"column":12},"end":{"line":3,"column":28}},"2":{"start":{"line":3,"column":34},"end":{"line":3,"column":125}},"3":{"start":{"line":4,"column":4},"end":{"line":5,"column":150}},"4":{"start":{"line":4,"column":79},"end":{"line":4,"column":131}},"5":{"start":{"line":5,"column":9},"end":{"line":5,"column":150}},"6":{"start":{"line":5,"column":22},"end":{"line":5,"column":43}},"7":{"start":{"line":5,"column":58},"end":{"line":5,"column":150}},"8":{"start":{"line":5,"column":81},"end":{"line":5,"column":150}},"9":{"start":{"line":6,"column":4},"end":{"line":6,"column":66}},"10":{"start":{"line":8,"column":17},"end":{"line":10,"column":1}},"11":{"start":{"line":9,"column":4},"end":{"line":9,"column":109}},"12":{"start":{"line":9,"column":79},"end":{"line":9,"column":109}},"13":{"start":{"line":11,"column":0},"end":{"line":11,"column":62}},"14":{"start":{"line":12,"column":39},"end":{"line":12,"column":115}},"15":{"start":{"line":13,"column":18},"end":{"line":13,"column":36}},"16":{"start":{"line":14,"column":20},"end":{"line":15,"column":1}},"17":{"start":{"line":16,"column":0},"end":{"line":19,"column":42}},"18":{"start":{"line":20,"column":0},"end":{"line":23,"column":52}},"19":{"start":{"line":24,"column":0},"end":{"line":32,"column":60}},"20":{"start":{"line":25,"column":30},"end":{"line":25,"column":86}},"21":{"start":{"line":25,"column":109},"end":{"line":25,"column":133}},"22":{"start":{"line":33,"column":0},"end":{"line":36,"column":49}},"23":{"start":{"line":37,"column":0},"end":{"line":40,"column":47}},"24":{"start":{"line":41,"column":0},"end":{"line":44,"column":46}},"25":{"start":{"line":45,"column":0},"end":{"line":48,"column":45}},"26":{"start":{"line":49,"column":0},"end":{"line":52,"column":46}},"27":{"start":{"line":53,"column":0},"end":{"line":56,"column":49}},"28":{"start":{"line":57,"column":0},"end":{"line":60,"column":49}},"29":{"start":{"line":61,"column":0},"end":{"line":63,"column":18}},"30":{"start":{"line":64,"column":0},"end":{"line":64,"column":38}}},"fnMap":{"0":{"name":"(anonymous_0)","decl":{"start":{"line":2,"column":46},"end":{"line":2,"column":47}},"loc":{"start":{"line":2,"column":87},"end":{"line":7,"column":1}},"line":2},"1":{"name":"(anonymous_1)","decl":{"start":{"line":8,"column":46},"end":{"line":8,"column":47}},"loc":{"start":{"line":8,"column":62},"end":{"line":10,"column":1}},"line":8},"2":{"name":"(anonymous_2)","decl":{"start":{"line":25,"column":24},"end":{"line":25,"column":25}},"loc":{"start":{"line":25,"column":30},"end":{"line":25,"column":86}},"line":25},"3":{"name":"(anonymous_3)","decl":{"start":{"line":25,"column":88},"end":{"line":25,"column":89}},"loc":{"start":{"line":25,"column":109},"end":{"line":25,"column":133}},"line":25}},"branchMap":{"0":{"loc":{"start":{"line":2,"column":17},"end":{"line":7,"column":1}},"type":"binary-expr","locations":[{"start":{"line":2,"column":18},"end":{"line":2,"column":22}},{"start":{"line":2,"column":26},"end":{"line":2,"column":41}},{"start":{"line":2,"column":46},"end":{"line":7,"column":1}}],"line":2},"1":{"loc":{"start":{"line":3,"column":34},"end":{"line":3,"column":125}},"type":"cond-expr","locations":[{"start":{"line":3,"column":42},"end":{"line":3,"column":48}},{"start":{"line":3,"column":51},"end":{"line":3,"column":125}}],"line":3},"2":{"loc":{"start":{"line":3,"column":51},"end":{"line":3,"column":125}},"type":"cond-expr","locations":[{"start":{"line":3,"column":67},"end":{"line":3,"column":118}},{"start":{"line":3,"column":121},"end":{"line":3,"column":125}}],"line":3},"3":{"loc":{"start":{"line":4,"column":4},"end":{"line":5,"column":150}},"type":"if","locations":[{"start":{"line":4,"column":4},"end":{"line":5,"column":150}},{"start":{"line":4,"column":4},"end":{"line":5,"column":150}}],"line":4},"4":{"loc":{"start":{"line":4,"column":8},"end":{"line":4,"column":77}},"type":"binary-expr","locations":[{"start":{"line":4,"column":8},"end":{"line":4,"column":35}},{"start":{"line":4,"column":39},"end":{"line":4,"column":77}}],"line":4},"5":{"loc":{"start":{"line":5,"column":58},"end":{"line":5,"column":150}},"type":"if","locations":[{"start":{"line":5,"column":58},"end":{"line":5,"column":150}},{"start":{"line":5,"column":58},"end":{"line":5,"column":150}}],"line":5},"6":{"loc":{"start":{"line":5,"column":85},"end":{"line":5,"column":149}},"type":"binary-expr","locations":[{"start":{"line":5,"column":86},"end":{"line":5,"column":143}},{"start":{"line":5,"column":148},"end":{"line":5,"column":149}}],"line":5},"7":{"loc":{"start":{"line":5,"column":86},"end":{"line":5,"column":143}},"type":"cond-expr","locations":[{"start":{"line":5,"column":94},"end":{"line":5,"column":98}},{"start":{"line":5,"column":101},"end":{"line":5,"column":143}}],"line":5},"8":{"loc":{"start":{"line":5,"column":101},"end":{"line":5,"column":143}},"type":"cond-expr","locations":[{"start":{"line":5,"column":109},"end":{"line":5,"column":126}},{"start":{"line":5,"column":129},"end":{"line":5,"column":143}}],"line":5},"9":{"loc":{"start":{"line":6,"column":11},"end":{"line":6,"column":62}},"type":"binary-expr","locations":[{"start":{"line":6,"column":11},"end":{"line":6,"column":16}},{"start":{"line":6,"column":20},"end":{"line":6,"column":21}},{"start":{"line":6,"column":25},"end":{"line":6,"column":62}}],"line":6},"10":{"loc":{"start":{"line":8,"column":17},"end":{"line":10,"column":1}},"type":"binary-expr","locations":[{"start":{"line":8,"column":18},"end":{"line":8,"column":22}},{"start":{"line":8,"column":26},"end":{"line":8,"column":41}},{"start":{"line":8,"column":46},"end":{"line":10,"column":1}}],"line":8},"11":{"loc":{"start":{"line":9,"column":4},"end":{"line":9,"column":109}},"type":"if","locations":[{"start":{"line":9,"column":4},"end":{"line":9,"column":109}},{"start":{"line":9,"column":4},"end":{"line":9,"column":109}}],"line":9},"12":{"loc":{"start":{"line":9,"column":8},"end":{"line":9,"column":77}},"type":"binary-expr","locations":[{"start":{"line":9,"column":8},"end":{"line":9,"column":35}},{"start":{"line":9,"column":39},"end":{"line":9,"column":77}}],"line":9}},"s":{"0":5,"1":55,"2":55,"3":55,"4":55,"5":0,"6":0,"7":0,"8":0,"9":55,"10":5,"11":50,"12":50,"13":5,"14":5,"15":5,"16":5,"17":5,"18":5,"19":5,"20":5,"21":5,"22":5,"23":5,"24":5,"25":5,"26":5,"27":5,"28":5,"29":5,"30":5},"f":{"0":55,"1":50,"2":5,"3":5},"b":{"0":[5,5,5],"1":[5,50],"2":[0,50],"3":[55,0],"4":[55,55],"5":[0,0],"6":[0,0],"7":[0,0],"8":[0,0],"9":[55,50,0],"10":[5,5,5],"11":[50,0],"12":[50,50]},"inputSourceMap":null,"_coverageSchema":"1a1c01bbd47fc00a2c39e90264f33305004495a9","hash":"6a855b295353606d565a7a5ee51a3624ff9d6bd3"}
,"C:\\Users\\david.cortes\\Downloads\\Proyecto ADN\\adn-ceiba-backend\\dist\\infraestructura\\producto-solicitado\\entidad\\producto-solicitado.entidad.js": {"path":"C:\\Users\\david.cortes\\Downloads\\Proyecto ADN\\adn-ceiba-backend\\dist\\infraestructura\\producto-solicitado\\entidad\\producto-solicitado.entidad.js","statementMap":{"0":{"start":{"line":2,"column":17},"end":{"line":7,"column":1}},"1":{"start":{"line":3,"column":12},"end":{"line":3,"column":28}},"2":{"start":{"line":3,"column":34},"end":{"line":3,"column":125}},"3":{"start":{"line":4,"column":4},"end":{"line":5,"column":150}},"4":{"start":{"line":4,"column":79},"end":{"line":4,"column":131}},"5":{"start":{"line":5,"column":9},"end":{"line":5,"column":150}},"6":{"start":{"line":5,"column":22},"end":{"line":5,"column":43}},"7":{"start":{"line":5,"column":58},"end":{"line":5,"column":150}},"8":{"start":{"line":5,"column":81},"end":{"line":5,"column":150}},"9":{"start":{"line":6,"column":4},"end":{"line":6,"column":66}},"10":{"start":{"line":8,"column":17},"end":{"line":10,"column":1}},"11":{"start":{"line":9,"column":4},"end":{"line":9,"column":109}},"12":{"start":{"line":9,"column":79},"end":{"line":9,"column":109}},"13":{"start":{"line":11,"column":0},"end":{"line":11,"column":62}},"14":{"start":{"line":12,"column":18},"end":{"line":12,"column":36}},"15":{"start":{"line":13,"column":27},"end":{"line":13,"column":77}},"16":{"start":{"line":14,"column":32},"end":{"line":15,"column":1}},"17":{"start":{"line":16,"column":0},"end":{"line":19,"column":54}},"18":{"start":{"line":20,"column":0},"end":{"line":27,"column":60}},"19":{"start":{"line":21,"column":30},"end":{"line":21,"column":64}},"20":{"start":{"line":21,"column":78},"end":{"line":21,"column":89}},"21":{"start":{"line":28,"column":0},"end":{"line":31,"column":60}},"22":{"start":{"line":32,"column":0},"end":{"line":35,"column":57}},"23":{"start":{"line":36,"column":0},"end":{"line":39,"column":59}},"24":{"start":{"line":40,"column":0},"end":{"line":43,"column":60}},"25":{"start":{"line":44,"column":0},"end":{"line":47,"column":57}},"26":{"start":{"line":48,"column":0},"end":{"line":51,"column":58}},"27":{"start":{"line":52,"column":0},"end":{"line":55,"column":61}},"28":{"start":{"line":56,"column":0},"end":{"line":59,"column":61}},"29":{"start":{"line":60,"column":0},"end":{"line":62,"column":30}},"30":{"start":{"line":63,"column":0},"end":{"line":63,"column":62}}},"fnMap":{"0":{"name":"(anonymous_0)","decl":{"start":{"line":2,"column":46},"end":{"line":2,"column":47}},"loc":{"start":{"line":2,"column":87},"end":{"line":7,"column":1}},"line":2},"1":{"name":"(anonymous_1)","decl":{"start":{"line":8,"column":46},"end":{"line":8,"column":47}},"loc":{"start":{"line":8,"column":62},"end":{"line":10,"column":1}},"line":8},"2":{"name":"(anonymous_2)","decl":{"start":{"line":21,"column":24},"end":{"line":21,"column":25}},"loc":{"start":{"line":21,"column":30},"end":{"line":21,"column":64}},"line":21},"3":{"name":"(anonymous_3)","decl":{"start":{"line":21,"column":66},"end":{"line":21,"column":67}},"loc":{"start":{"line":21,"column":78},"end":{"line":21,"column":89}},"line":21}},"branchMap":{"0":{"loc":{"start":{"line":2,"column":17},"end":{"line":7,"column":1}},"type":"binary-expr","locations":[{"start":{"line":2,"column":18},"end":{"line":2,"column":22}},{"start":{"line":2,"column":26},"end":{"line":2,"column":41}},{"start":{"line":2,"column":46},"end":{"line":7,"column":1}}],"line":2},"1":{"loc":{"start":{"line":3,"column":34},"end":{"line":3,"column":125}},"type":"cond-expr","locations":[{"start":{"line":3,"column":42},"end":{"line":3,"column":48}},{"start":{"line":3,"column":51},"end":{"line":3,"column":125}}],"line":3},"2":{"loc":{"start":{"line":3,"column":51},"end":{"line":3,"column":125}},"type":"cond-expr","locations":[{"start":{"line":3,"column":67},"end":{"line":3,"column":118}},{"start":{"line":3,"column":121},"end":{"line":3,"column":125}}],"line":3},"3":{"loc":{"start":{"line":4,"column":4},"end":{"line":5,"column":150}},"type":"if","locations":[{"start":{"line":4,"column":4},"end":{"line":5,"column":150}},{"start":{"line":4,"column":4},"end":{"line":5,"column":150}}],"line":4},"4":{"loc":{"start":{"line":4,"column":8},"end":{"line":4,"column":77}},"type":"binary-expr","locations":[{"start":{"line":4,"column":8},"end":{"line":4,"column":35}},{"start":{"line":4,"column":39},"end":{"line":4,"column":77}}],"line":4},"5":{"loc":{"start":{"line":5,"column":58},"end":{"line":5,"column":150}},"type":"if","locations":[{"start":{"line":5,"column":58},"end":{"line":5,"column":150}},{"start":{"line":5,"column":58},"end":{"line":5,"column":150}}],"line":5},"6":{"loc":{"start":{"line":5,"column":85},"end":{"line":5,"column":149}},"type":"binary-expr","locations":[{"start":{"line":5,"column":86},"end":{"line":5,"column":143}},{"start":{"line":5,"column":148},"end":{"line":5,"column":149}}],"line":5},"7":{"loc":{"start":{"line":5,"column":86},"end":{"line":5,"column":143}},"type":"cond-expr","locations":[{"start":{"line":5,"column":94},"end":{"line":5,"column":98}},{"start":{"line":5,"column":101},"end":{"line":5,"column":143}}],"line":5},"8":{"loc":{"start":{"line":5,"column":101},"end":{"line":5,"column":143}},"type":"cond-expr","locations":[{"start":{"line":5,"column":109},"end":{"line":5,"column":126}},{"start":{"line":5,"column":129},"end":{"line":5,"column":143}}],"line":5},"9":{"loc":{"start":{"line":6,"column":11},"end":{"line":6,"column":62}},"type":"binary-expr","locations":[{"start":{"line":6,"column":11},"end":{"line":6,"column":16}},{"start":{"line":6,"column":20},"end":{"line":6,"column":21}},{"start":{"line":6,"column":25},"end":{"line":6,"column":62}}],"line":6},"10":{"loc":{"start":{"line":8,"column":17},"end":{"line":10,"column":1}},"type":"binary-expr","locations":[{"start":{"line":8,"column":18},"end":{"line":8,"column":22}},{"start":{"line":8,"column":26},"end":{"line":8,"column":41}},{"start":{"line":8,"column":46},"end":{"line":10,"column":1}}],"line":8},"11":{"loc":{"start":{"line":9,"column":4},"end":{"line":9,"column":109}},"type":"if","locations":[{"start":{"line":9,"column":4},"end":{"line":9,"column":109}},{"start":{"line":9,"column":4},"end":{"line":9,"column":109}}],"line":9},"12":{"loc":{"start":{"line":9,"column":8},"end":{"line":9,"column":77}},"type":"binary-expr","locations":[{"start":{"line":9,"column":8},"end":{"line":9,"column":35}},{"start":{"line":9,"column":39},"end":{"line":9,"column":77}}],"line":9}},"s":{"0":5,"1":55,"2":55,"3":55,"4":55,"5":0,"6":0,"7":0,"8":0,"9":55,"10":5,"11":50,"12":50,"13":5,"14":5,"15":5,"16":5,"17":5,"18":5,"19":5,"20":5,"21":5,"22":5,"23":5,"24":5,"25":5,"26":5,"27":5,"28":5,"29":5,"30":5},"f":{"0":55,"1":50,"2":5,"3":5},"b":{"0":[5,5,5],"1":[5,50],"2":[0,50],"3":[55,0],"4":[55,55],"5":[0,0],"6":[0,0],"7":[0,0],"8":[0,0],"9":[55,50,0],"10":[5,5,5],"11":[50,0],"12":[50,50]},"inputSourceMap":null,"_coverageSchema":"1a1c01bbd47fc00a2c39e90264f33305004495a9","hash":"254c8865ad36bfb4cfcef3305e88d465ba1db93e"}
,"C:\\Users\\david.cortes\\Downloads\\Proyecto ADN\\adn-ceiba-backend\\dist\\infraestructura\\producto\\entidad\\producto.entidad.js": {"path":"C:\\Users\\david.cortes\\Downloads\\Proyecto ADN\\adn-ceiba-backend\\dist\\infraestructura\\producto\\entidad\\producto.entidad.js","statementMap":{"0":{"start":{"line":2,"column":17},"end":{"line":7,"column":1}},"1":{"start":{"line":3,"column":12},"end":{"line":3,"column":28}},"2":{"start":{"line":3,"column":34},"end":{"line":3,"column":125}},"3":{"start":{"line":4,"column":4},"end":{"line":5,"column":150}},"4":{"start":{"line":4,"column":79},"end":{"line":4,"column":131}},"5":{"start":{"line":5,"column":9},"end":{"line":5,"column":150}},"6":{"start":{"line":5,"column":22},"end":{"line":5,"column":43}},"7":{"start":{"line":5,"column":58},"end":{"line":5,"column":150}},"8":{"start":{"line":5,"column":81},"end":{"line":5,"column":150}},"9":{"start":{"line":6,"column":4},"end":{"line":6,"column":66}},"10":{"start":{"line":8,"column":17},"end":{"line":10,"column":1}},"11":{"start":{"line":9,"column":4},"end":{"line":9,"column":109}},"12":{"start":{"line":9,"column":79},"end":{"line":9,"column":109}},"13":{"start":{"line":11,"column":0},"end":{"line":11,"column":62}},"14":{"start":{"line":12,"column":18},"end":{"line":12,"column":36}},"15":{"start":{"line":13,"column":22},"end":{"line":14,"column":1}},"16":{"start":{"line":15,"column":0},"end":{"line":18,"column":44}},"17":{"start":{"line":19,"column":0},"end":{"line":22,"column":48}},"18":{"start":{"line":23,"column":0},"end":{"line":26,"column":47}},"19":{"start":{"line":27,"column":0},"end":{"line":30,"column":48}},"20":{"start":{"line":31,"column":0},"end":{"line":34,"column":48}},"21":{"start":{"line":35,"column":0},"end":{"line":38,"column":51}},"22":{"start":{"line":39,"column":0},"end":{"line":42,"column":51}},"23":{"start":{"line":43,"column":0},"end":{"line":45,"column":20}},"24":{"start":{"line":46,"column":0},"end":{"line":46,"column":42}}},"fnMap":{"0":{"name":"(anonymous_0)","decl":{"start":{"line":2,"column":46},"end":{"line":2,"column":47}},"loc":{"start":{"line":2,"column":87},"end":{"line":7,"column":1}},"line":2},"1":{"name":"(anonymous_1)","decl":{"start":{"line":8,"column":46},"end":{"line":8,"column":47}},"loc":{"start":{"line":8,"column":62},"end":{"line":10,"column":1}},"line":8}},"branchMap":{"0":{"loc":{"start":{"line":2,"column":17},"end":{"line":7,"column":1}},"type":"binary-expr","locations":[{"start":{"line":2,"column":18},"end":{"line":2,"column":22}},{"start":{"line":2,"column":26},"end":{"line":2,"column":41}},{"start":{"line":2,"column":46},"end":{"line":7,"column":1}}],"line":2},"1":{"loc":{"start":{"line":3,"column":34},"end":{"line":3,"column":125}},"type":"cond-expr","locations":[{"start":{"line":3,"column":42},"end":{"line":3,"column":48}},{"start":{"line":3,"column":51},"end":{"line":3,"column":125}}],"line":3},"2":{"loc":{"start":{"line":3,"column":51},"end":{"line":3,"column":125}},"type":"cond-expr","locations":[{"start":{"line":3,"column":67},"end":{"line":3,"column":118}},{"start":{"line":3,"column":121},"end":{"line":3,"column":125}}],"line":3},"3":{"loc":{"start":{"line":4,"column":4},"end":{"line":5,"column":150}},"type":"if","locations":[{"start":{"line":4,"column":4},"end":{"line":5,"column":150}},{"start":{"line":4,"column":4},"end":{"line":5,"column":150}}],"line":4},"4":{"loc":{"start":{"line":4,"column":8},"end":{"line":4,"column":77}},"type":"binary-expr","locations":[{"start":{"line":4,"column":8},"end":{"line":4,"column":35}},{"start":{"line":4,"column":39},"end":{"line":4,"column":77}}],"line":4},"5":{"loc":{"start":{"line":5,"column":58},"end":{"line":5,"column":150}},"type":"if","locations":[{"start":{"line":5,"column":58},"end":{"line":5,"column":150}},{"start":{"line":5,"column":58},"end":{"line":5,"column":150}}],"line":5},"6":{"loc":{"start":{"line":5,"column":85},"end":{"line":5,"column":149}},"type":"binary-expr","locations":[{"start":{"line":5,"column":86},"end":{"line":5,"column":143}},{"start":{"line":5,"column":148},"end":{"line":5,"column":149}}],"line":5},"7":{"loc":{"start":{"line":5,"column":86},"end":{"line":5,"column":143}},"type":"cond-expr","locations":[{"start":{"line":5,"column":94},"end":{"line":5,"column":98}},{"start":{"line":5,"column":101},"end":{"line":5,"column":143}}],"line":5},"8":{"loc":{"start":{"line":5,"column":101},"end":{"line":5,"column":143}},"type":"cond-expr","locations":[{"start":{"line":5,"column":109},"end":{"line":5,"column":126}},{"start":{"line":5,"column":129},"end":{"line":5,"column":143}}],"line":5},"9":{"loc":{"start":{"line":6,"column":11},"end":{"line":6,"column":62}},"type":"binary-expr","locations":[{"start":{"line":6,"column":11},"end":{"line":6,"column":16}},{"start":{"line":6,"column":20},"end":{"line":6,"column":21}},{"start":{"line":6,"column":25},"end":{"line":6,"column":62}}],"line":6},"10":{"loc":{"start":{"line":8,"column":17},"end":{"line":10,"column":1}},"type":"binary-expr","locations":[{"start":{"line":8,"column":18},"end":{"line":8,"column":22}},{"start":{"line":8,"column":26},"end":{"line":8,"column":41}},{"start":{"line":8,"column":46},"end":{"line":10,"column":1}}],"line":8},"11":{"loc":{"start":{"line":9,"column":4},"end":{"line":9,"column":109}},"type":"if","locations":[{"start":{"line":9,"column":4},"end":{"line":9,"column":109}},{"start":{"line":9,"column":4},"end":{"line":9,"column":109}}],"line":9},"12":{"loc":{"start":{"line":9,"column":8},"end":{"line":9,"column":77}},"type":"binary-expr","locations":[{"start":{"line":9,"column":8},"end":{"line":9,"column":35}},{"start":{"line":9,"column":39},"end":{"line":9,"column":77}}],"line":9}},"s":{"0":5,"1":40,"2":40,"3":40,"4":40,"5":0,"6":0,"7":0,"8":0,"9":40,"10":5,"11":35,"12":35,"13":5,"14":5,"15":5,"16":5,"17":5,"18":5,"19":5,"20":5,"21":5,"22":5,"23":5,"24":5},"f":{"0":40,"1":35},"b":{"0":[5,5,5],"1":[5,35],"2":[0,35],"3":[40,0],"4":[40,40],"5":[0,0],"6":[0,0],"7":[0,0],"8":[0,0],"9":[40,35,0],"10":[5,5,5],"11":[35,0],"12":[35,35]},"inputSourceMap":null,"_coverageSchema":"1a1c01bbd47fc00a2c39e90264f33305004495a9","hash":"cce4c618a24cf4b94d552658a9d84c50700b3fd3"}
,"C:\\Users\\david.cortes\\Downloads\\Proyecto ADN\\adn-ceiba-backend\\dist\\infraestructura\\productos-por-pedido\\entidad\\productos-por-pedido.entidad.js": {"path":"C:\\Users\\david.cortes\\Downloads\\Proyecto ADN\\adn-ceiba-backend\\dist\\infraestructura\\productos-por-pedido\\entidad\\productos-por-pedido.entidad.js","statementMap":{"0":{"start":{"line":2,"column":17},"end":{"line":7,"column":1}},"1":{"start":{"line":3,"column":12},"end":{"line":3,"column":28}},"2":{"start":{"line":3,"column":34},"end":{"line":3,"column":125}},"3":{"start":{"line":4,"column":4},"end":{"line":5,"column":150}},"4":{"start":{"line":4,"column":79},"end":{"line":4,"column":131}},"5":{"start":{"line":5,"column":9},"end":{"line":5,"column":150}},"6":{"start":{"line":5,"column":22},"end":{"line":5,"column":43}},"7":{"start":{"line":5,"column":58},"end":{"line":5,"column":150}},"8":{"start":{"line":5,"column":81},"end":{"line":5,"column":150}},"9":{"start":{"line":6,"column":4},"end":{"line":6,"column":66}},"10":{"start":{"line":8,"column":17},"end":{"line":10,"column":1}},"11":{"start":{"line":9,"column":4},"end":{"line":9,"column":109}},"12":{"start":{"line":9,"column":79},"end":{"line":9,"column":109}},"13":{"start":{"line":11,"column":0},"end":{"line":11,"column":62}},"14":{"start":{"line":12,"column":25},"end":{"line":12,"column":73}},"15":{"start":{"line":13,"column":38},"end":{"line":13,"column":112}},"16":{"start":{"line":14,"column":18},"end":{"line":14,"column":36}},"17":{"start":{"line":15,"column":32},"end":{"line":16,"column":1}},"18":{"start":{"line":17,"column":0},"end":{"line":20,"column":54}},"19":{"start":{"line":21,"column":0},"end":{"line":27,"column":58}},"20":{"start":{"line":22,"column":30},"end":{"line":22,"column":60}},"21":{"start":{"line":22,"column":72},"end":{"line":22,"column":99}},"22":{"start":{"line":28,"column":0},"end":{"line":36,"column":70}},"23":{"start":{"line":29,"column":29},"end":{"line":29,"column":84}},"24":{"start":{"line":37,"column":0},"end":{"line":40,"column":60}},"25":{"start":{"line":41,"column":0},"end":{"line":44,"column":61}},"26":{"start":{"line":45,"column":0},"end":{"line":48,"column":61}},"27":{"start":{"line":49,"column":0},"end":{"line":51,"column":30}},"28":{"start":{"line":52,"column":0},"end":{"line":52,"column":62}}},"fnMap":{"0":{"name":"(anonymous_0)","decl":{"start":{"line":2,"column":46},"end":{"line":2,"column":47}},"loc":{"start":{"line":2,"column":87},"end":{"line":7,"column":1}},"line":2},"1":{"name":"(anonymous_1)","decl":{"start":{"line":8,"column":46},"end":{"line":8,"column":47}},"loc":{"start":{"line":8,"column":62},"end":{"line":10,"column":1}},"line":8},"2":{"name":"(anonymous_2)","decl":{"start":{"line":22,"column":24},"end":{"line":22,"column":25}},"loc":{"start":{"line":22,"column":30},"end":{"line":22,"column":60}},"line":22},"3":{"name":"(anonymous_3)","decl":{"start":{"line":22,"column":62},"end":{"line":22,"column":63}},"loc":{"start":{"line":22,"column":72},"end":{"line":22,"column":99}},"line":22},"4":{"name":"(anonymous_4)","decl":{"start":{"line":29,"column":23},"end":{"line":29,"column":24}},"loc":{"start":{"line":29,"column":29},"end":{"line":29,"column":84}},"line":29}},"branchMap":{"0":{"loc":{"start":{"line":2,"column":17},"end":{"line":7,"column":1}},"type":"binary-expr","locations":[{"start":{"line":2,"column":18},"end":{"line":2,"column":22}},{"start":{"line":2,"column":26},"end":{"line":2,"column":41}},{"start":{"line":2,"column":46},"end":{"line":7,"column":1}}],"line":2},"1":{"loc":{"start":{"line":3,"column":34},"end":{"line":3,"column":125}},"type":"cond-expr","locations":[{"start":{"line":3,"column":42},"end":{"line":3,"column":48}},{"start":{"line":3,"column":51},"end":{"line":3,"column":125}}],"line":3},"2":{"loc":{"start":{"line":3,"column":51},"end":{"line":3,"column":125}},"type":"cond-expr","locations":[{"start":{"line":3,"column":67},"end":{"line":3,"column":118}},{"start":{"line":3,"column":121},"end":{"line":3,"column":125}}],"line":3},"3":{"loc":{"start":{"line":4,"column":4},"end":{"line":5,"column":150}},"type":"if","locations":[{"start":{"line":4,"column":4},"end":{"line":5,"column":150}},{"start":{"line":4,"column":4},"end":{"line":5,"column":150}}],"line":4},"4":{"loc":{"start":{"line":4,"column":8},"end":{"line":4,"column":77}},"type":"binary-expr","locations":[{"start":{"line":4,"column":8},"end":{"line":4,"column":35}},{"start":{"line":4,"column":39},"end":{"line":4,"column":77}}],"line":4},"5":{"loc":{"start":{"line":5,"column":58},"end":{"line":5,"column":150}},"type":"if","locations":[{"start":{"line":5,"column":58},"end":{"line":5,"column":150}},{"start":{"line":5,"column":58},"end":{"line":5,"column":150}}],"line":5},"6":{"loc":{"start":{"line":5,"column":85},"end":{"line":5,"column":149}},"type":"binary-expr","locations":[{"start":{"line":5,"column":86},"end":{"line":5,"column":143}},{"start":{"line":5,"column":148},"end":{"line":5,"column":149}}],"line":5},"7":{"loc":{"start":{"line":5,"column":86},"end":{"line":5,"column":143}},"type":"cond-expr","locations":[{"start":{"line":5,"column":94},"end":{"line":5,"column":98}},{"start":{"line":5,"column":101},"end":{"line":5,"column":143}}],"line":5},"8":{"loc":{"start":{"line":5,"column":101},"end":{"line":5,"column":143}},"type":"cond-expr","locations":[{"start":{"line":5,"column":109},"end":{"line":5,"column":126}},{"start":{"line":5,"column":129},"end":{"line":5,"column":143}}],"line":5},"9":{"loc":{"start":{"line":6,"column":11},"end":{"line":6,"column":62}},"type":"binary-expr","locations":[{"start":{"line":6,"column":11},"end":{"line":6,"column":16}},{"start":{"line":6,"column":20},"end":{"line":6,"column":21}},{"start":{"line":6,"column":25},"end":{"line":6,"column":62}}],"line":6},"10":{"loc":{"start":{"line":8,"column":17},"end":{"line":10,"column":1}},"type":"binary-expr","locations":[{"start":{"line":8,"column":18},"end":{"line":8,"column":22}},{"start":{"line":8,"column":26},"end":{"line":8,"column":41}},{"start":{"line":8,"column":46},"end":{"line":10,"column":1}}],"line":8},"11":{"loc":{"start":{"line":9,"column":4},"end":{"line":9,"column":109}},"type":"if","locations":[{"start":{"line":9,"column":4},"end":{"line":9,"column":109}},{"start":{"line":9,"column":4},"end":{"line":9,"column":109}}],"line":9},"12":{"loc":{"start":{"line":9,"column":8},"end":{"line":9,"column":77}},"type":"binary-expr","locations":[{"start":{"line":9,"column":8},"end":{"line":9,"column":35}},{"start":{"line":9,"column":39},"end":{"line":9,"column":77}}],"line":9}},"s":{"0":5,"1":35,"2":35,"3":35,"4":35,"5":0,"6":0,"7":0,"8":0,"9":35,"10":5,"11":30,"12":30,"13":5,"14":5,"15":5,"16":5,"17":5,"18":5,"19":5,"20":5,"21":5,"22":5,"23":5,"24":5,"25":5,"26":5,"27":5,"28":5},"f":{"0":35,"1":30,"2":5,"3":5,"4":5},"b":{"0":[5,5,5],"1":[5,30],"2":[0,30],"3":[35,0],"4":[35,35],"5":[0,0],"6":[0,0],"7":[0,0],"8":[0,0],"9":[35,30,0],"10":[5,5,5],"11":[30,0],"12":[30,30]},"inputSourceMap":null,"_coverageSchema":"1a1c01bbd47fc00a2c39e90264f33305004495a9","hash":"45beebf57022542ddb0b5a0ba9c6177ec62ee941"}
,"C:\\Users\\david.cortes\\Downloads\\Proyecto ADN\\adn-ceiba-backend\\dist\\infraestructura\\usuario\\entidad\\usuario.entidad.js": {"path":"C:\\Users\\david.cortes\\Downloads\\Proyecto ADN\\adn-ceiba-backend\\dist\\infraestructura\\usuario\\entidad\\usuario.entidad.js","statementMap":{"0":{"start":{"line":2,"column":17},"end":{"line":7,"column":1}},"1":{"start":{"line":3,"column":12},"end":{"line":3,"column":28}},"2":{"start":{"line":3,"column":34},"end":{"line":3,"column":125}},"3":{"start":{"line":4,"column":4},"end":{"line":5,"column":150}},"4":{"start":{"line":4,"column":79},"end":{"line":4,"column":131}},"5":{"start":{"line":5,"column":9},"end":{"line":5,"column":150}},"6":{"start":{"line":5,"column":22},"end":{"line":5,"column":43}},"7":{"start":{"line":5,"column":58},"end":{"line":5,"column":150}},"8":{"start":{"line":5,"column":81},"end":{"line":5,"column":150}},"9":{"start":{"line":6,"column":4},"end":{"line":6,"column":66}},"10":{"start":{"line":8,"column":17},"end":{"line":10,"column":1}},"11":{"start":{"line":9,"column":4},"end":{"line":9,"column":109}},"12":{"start":{"line":9,"column":79},"end":{"line":9,"column":109}},"13":{"start":{"line":11,"column":0},"end":{"line":11,"column":62}},"14":{"start":{"line":12,"column":18},"end":{"line":12,"column":36}},"15":{"start":{"line":13,"column":21},"end":{"line":14,"column":1}},"16":{"start":{"line":15,"column":0},"end":{"line":18,"column":43}},"17":{"start":{"line":19,"column":0},"end":{"line":22,"column":47}},"18":{"start":{"line":23,"column":0},"end":{"line":26,"column":46}},"19":{"start":{"line":27,"column":0},"end":{"line":30,"column":50}},"20":{"start":{"line":31,"column":0},"end":{"line":34,"column":50}},"21":{"start":{"line":35,"column":0},"end":{"line":37,"column":19}},"22":{"start":{"line":38,"column":0},"end":{"line":38,"column":40}}},"fnMap":{"0":{"name":"(anonymous_0)","decl":{"start":{"line":2,"column":46},"end":{"line":2,"column":47}},"loc":{"start":{"line":2,"column":87},"end":{"line":7,"column":1}},"line":2},"1":{"name":"(anonymous_1)","decl":{"start":{"line":8,"column":46},"end":{"line":8,"column":47}},"loc":{"start":{"line":8,"column":62},"end":{"line":10,"column":1}},"line":8}},"branchMap":{"0":{"loc":{"start":{"line":2,"column":17},"end":{"line":7,"column":1}},"type":"binary-expr","locations":[{"start":{"line":2,"column":18},"end":{"line":2,"column":22}},{"start":{"line":2,"column":26},"end":{"line":2,"column":41}},{"start":{"line":2,"column":46},"end":{"line":7,"column":1}}],"line":2},"1":{"loc":{"start":{"line":3,"column":34},"end":{"line":3,"column":125}},"type":"cond-expr","locations":[{"start":{"line":3,"column":42},"end":{"line":3,"column":48}},{"start":{"line":3,"column":51},"end":{"line":3,"column":125}}],"line":3},"2":{"loc":{"start":{"line":3,"column":51},"end":{"line":3,"column":125}},"type":"cond-expr","locations":[{"start":{"line":3,"column":67},"end":{"line":3,"column":118}},{"start":{"line":3,"column":121},"end":{"line":3,"column":125}}],"line":3},"3":{"loc":{"start":{"line":4,"column":4},"end":{"line":5,"column":150}},"type":"if","locations":[{"start":{"line":4,"column":4},"end":{"line":5,"column":150}},{"start":{"line":4,"column":4},"end":{"line":5,"column":150}}],"line":4},"4":{"loc":{"start":{"line":4,"column":8},"end":{"line":4,"column":77}},"type":"binary-expr","locations":[{"start":{"line":4,"column":8},"end":{"line":4,"column":35}},{"start":{"line":4,"column":39},"end":{"line":4,"column":77}}],"line":4},"5":{"loc":{"start":{"line":5,"column":58},"end":{"line":5,"column":150}},"type":"if","locations":[{"start":{"line":5,"column":58},"end":{"line":5,"column":150}},{"start":{"line":5,"column":58},"end":{"line":5,"column":150}}],"line":5},"6":{"loc":{"start":{"line":5,"column":85},"end":{"line":5,"column":149}},"type":"binary-expr","locations":[{"start":{"line":5,"column":86},"end":{"line":5,"column":143}},{"start":{"line":5,"column":148},"end":{"line":5,"column":149}}],"line":5},"7":{"loc":{"start":{"line":5,"column":86},"end":{"line":5,"column":143}},"type":"cond-expr","locations":[{"start":{"line":5,"column":94},"end":{"line":5,"column":98}},{"start":{"line":5,"column":101},"end":{"line":5,"column":143}}],"line":5},"8":{"loc":{"start":{"line":5,"column":101},"end":{"line":5,"column":143}},"type":"cond-expr","locations":[{"start":{"line":5,"column":109},"end":{"line":5,"column":126}},{"start":{"line":5,"column":129},"end":{"line":5,"column":143}}],"line":5},"9":{"loc":{"start":{"line":6,"column":11},"end":{"line":6,"column":62}},"type":"binary-expr","locations":[{"start":{"line":6,"column":11},"end":{"line":6,"column":16}},{"start":{"line":6,"column":20},"end":{"line":6,"column":21}},{"start":{"line":6,"column":25},"end":{"line":6,"column":62}}],"line":6},"10":{"loc":{"start":{"line":8,"column":17},"end":{"line":10,"column":1}},"type":"binary-expr","locations":[{"start":{"line":8,"column":18},"end":{"line":8,"column":22}},{"start":{"line":8,"column":26},"end":{"line":8,"column":41}},{"start":{"line":8,"column":46},"end":{"line":10,"column":1}}],"line":8},"11":{"loc":{"start":{"line":9,"column":4},"end":{"line":9,"column":109}},"type":"if","locations":[{"start":{"line":9,"column":4},"end":{"line":9,"column":109}},{"start":{"line":9,"column":4},"end":{"line":9,"column":109}}],"line":9},"12":{"loc":{"start":{"line":9,"column":8},"end":{"line":9,"column":77}},"type":"binary-expr","locations":[{"start":{"line":9,"column":8},"end":{"line":9,"column":35}},{"start":{"line":9,"column":39},"end":{"line":9,"column":77}}],"line":9}},"s":{"0":5,"1":30,"2":30,"3":30,"4":30,"5":0,"6":0,"7":0,"8":0,"9":30,"10":5,"11":25,"12":25,"13":5,"14":5,"15":5,"16":5,"17":5,"18":5,"19":5,"20":5,"21":5,"22":5},"f":{"0":30,"1":25},"b":{"0":[5,5,5],"1":[5,25],"2":[0,25],"3":[30,0],"4":[30,30],"5":[0,0],"6":[0,0],"7":[0,0],"8":[0,0],"9":[30,25,0],"10":[5,5,5],"11":[25,0],"12":[25,25]},"inputSourceMap":null,"_coverageSchema":"1a1c01bbd47fc00a2c39e90264f33305004495a9","hash":"0339ce0522da54f99ef72c1c5d305adaf222c165"}
,"C:\\Users\\david.cortes\\Downloads\\Proyecto ADN\\adn-ceiba-backend\\src\\app.module.ts": {"path":"C:\\Users\\david.cortes\\Downloads\\Proyecto ADN\\adn-ceiba-backend\\src\\app.module.ts","statementMap":{"0":{"start":{"line":1,"column":0},"end":{"line":1,"column":40}},"1":{"start":{"line":2,"column":0},"end":{"line":2,"column":81}},"2":{"start":{"line":7,"column":0},"end":{"line":7,"column":null}},"3":{"start":{"line":7,"column":13},"end":{"line":7,"column":null}},"4":{"start":{"line":7,"column":13},"end":{"line":7,"column":22}}},"fnMap":{},"branchMap":{},"s":{"0":5,"1":5,"2":5,"3":5,"4":5},"f":{},"b":{}}
,"C:\\Users\\david.cortes\\Downloads\\Proyecto ADN\\adn-ceiba-backend\\src\\aplicacion\\pedido\\comando\\eliminar-pedido.manejador.ts": {"path":"C:\\Users\\david.cortes\\Downloads\\Proyecto ADN\\adn-ceiba-backend\\src\\aplicacion\\pedido\\comando\\eliminar-pedido.manejador.ts","statementMap":{"0":{"start":{"line":1,"column":0},"end":{"line":1,"column":44}},"1":{"start":{"line":2,"column":0},"end":{"line":2,"column":94}},"2":{"start":{"line":6,"column":0},"end":{"line":12,"column":null}},"3":{"start":{"line":7,"column":22},"end":{"line":7,"column":47}},"4":{"start":{"line":10,"column":4},"end":{"line":10,"column":74}},"5":{"start":{"line":6,"column":13},"end":{"line":12,"column":null}},"6":{"start":{"line":6,"column":13},"end":{"line":6,"column":36}}},"fnMap":{"0":{"name":"(anonymous_2)","decl":{"start":{"line":7,"column":2},"end":{"line":7,"column":22}},"loc":{"start":{"line":7,"column":69},"end":{"line":7,"column":73}}},"1":{"name":"(anonymous_3)","decl":{"start":{"line":9,"column":2},"end":{"line":9,"column":7}},"loc":{"start":{"line":9,"column":61},"end":{"line":11,"column":3}}}},"branchMap":{},"s":{"0":5,"1":5,"2":5,"3":5,"4":4,"5":5,"6":5},"f":{"0":5,"1":4},"b":{}}
,"C:\\Users\\david.cortes\\Downloads\\Proyecto ADN\\adn-ceiba-backend\\src\\aplicacion\\pedido\\comando\\modificar-pedido.manejador.ts": {"path":"C:\\Users\\david.cortes\\Downloads\\Proyecto ADN\\adn-ceiba-backend\\src\\aplicacion\\pedido\\comando\\modificar-pedido.manejador.ts","statementMap":{"0":{"start":{"line":1,"column":0},"end":{"line":1,"column":44}},"1":{"start":{"line":2,"column":0},"end":{"line":2,"column":96}},"2":{"start":{"line":6,"column":0},"end":{"line":15,"column":null}},"3":{"start":{"line":7,"column":22},"end":{"line":7,"column":48}},"4":{"start":{"line":10,"column":4},"end":{"line":13,"column":6}},"5":{"start":{"line":6,"column":13},"end":{"line":15,"column":null}},"6":{"start":{"line":6,"column":13},"end":{"line":6,"column":37}}},"fnMap":{"0":{"name":"(anonymous_2)","decl":{"start":{"line":7,"column":2},"end":{"line":7,"column":22}},"loc":{"start":{"line":7,"column":71},"end":{"line":7,"column":75}}},"1":{"name":"(anonymous_3)","decl":{"start":{"line":9,"column":2},"end":{"line":9,"column":7}},"loc":{"start":{"line":9,"column":63},"end":{"line":14,"column":3}}}},"branchMap":{},"s":{"0":5,"1":5,"2":5,"3":5,"4":3,"5":5,"6":5},"f":{"0":5,"1":3},"b":{}}
,"C:\\Users\\david.cortes\\Downloads\\Proyecto ADN\\adn-ceiba-backend\\src\\aplicacion\\pedido\\comando\\registar-pedido.manejador.ts": {"path":"C:\\Users\\david.cortes\\Downloads\\Proyecto ADN\\adn-ceiba-backend\\src\\aplicacion\\pedido\\comando\\registar-pedido.manejador.ts","statementMap":{"0":{"start":{"line":1,"column":0},"end":{"line":1,"column":44}},"1":{"start":{"line":2,"column":0},"end":{"line":2,"column":96}},"2":{"start":{"line":4,"column":0},"end":{"line":4,"column":58}},"3":{"start":{"line":7,"column":0},"end":{"line":26,"column":null}},"4":{"start":{"line":8,"column":22},"end":{"line":8,"column":48}},"5":{"start":{"line":11,"column":4},"end":{"line":24,"column":6}},"6":{"start":{"line":7,"column":13},"end":{"line":26,"column":null}},"7":{"start":{"line":7,"column":13},"end":{"line":7,"column":37}}},"fnMap":{"0":{"name":"(anonymous_2)","decl":{"start":{"line":8,"column":2},"end":{"line":8,"column":22}},"loc":{"start":{"line":8,"column":71},"end":{"line":8,"column":75}}},"1":{"name":"(anonymous_3)","decl":{"start":{"line":10,"column":2},"end":{"line":10,"column":7}},"loc":{"start":{"line":10,"column":63},"end":{"line":25,"column":3}}}},"branchMap":{},"s":{"0":5,"1":5,"2":5,"3":5,"4":5,"5":4,"6":5,"7":5},"f":{"0":5,"1":4},"b":{}}
,"C:\\Users\\david.cortes\\Downloads\\Proyecto ADN\\adn-ceiba-backend\\src\\aplicacion\\pedido\\comando\\registrar-pedido.comando.ts": {"path":"C:\\Users\\david.cortes\\Downloads\\Proyecto ADN\\adn-ceiba-backend\\src\\aplicacion\\pedido\\comando\\registrar-pedido.comando.ts","statementMap":{"0":{"start":{"line":2,"column":0},"end":{"line":2,"column":43}},"1":{"start":{"line":3,"column":0},"end":{"line":3,"column":46}},"2":{"start":{"line":7,"column":2},"end":{"line":7,"column":null}},"3":{"start":{"line":11,"column":2},"end":{"line":11,"column":null}},"4":{"start":{"line":14,"column":2},"end":{"line":14,"column":null}},"5":{"start":{"line":18,"column":2},"end":{"line":18,"column":null}},"6":{"start":{"line":22,"column":2},"end":{"line":22,"column":null}},"7":{"start":{"line":26,"column":2},"end":{"line":26,"column":null}},"8":{"start":{"line":29,"column":2},"end":{"line":29,"column":null}},"9":{"start":{"line":32,"column":2},"end":{"line":32,"column":null}},"10":{"start":{"line":35,"column":2},"end":{"line":35,"column":null}},"11":{"start":{"line":38,"column":2},"end":{"line":38,"column":null}},"12":{"start":{"line":5,"column":0},"end":{"line":5,"column":13}}},"fnMap":{},"branchMap":{},"s":{"0":5,"1":5,"2":5,"3":5,"4":5,"5":5,"6":5,"7":5,"8":5,"9":5,"10":5,"11":5,"12":5},"f":{},"b":{}}
,"C:\\Users\\david.cortes\\Downloads\\Proyecto ADN\\adn-ceiba-backend\\src\\aplicacion\\pedido\\consulta\\listar-pedidos.manejador.ts": {"path":"C:\\Users\\david.cortes\\Downloads\\Proyecto ADN\\adn-ceiba-backend\\src\\aplicacion\\pedido\\consulta\\listar-pedidos.manejador.ts","statementMap":{"0":{"start":{"line":1,"column":0},"end":{"line":1,"column":44}},"1":{"start":{"line":2,"column":0},"end":{"line":2,"column":69}},"2":{"start":{"line":6,"column":0},"end":{"line":13,"column":null}},"3":{"start":{"line":7,"column":22},"end":{"line":7,"column":34}},"4":{"start":{"line":10,"column":20},"end":{"line":10,"column":50}},"5":{"start":{"line":11,"column":4},"end":{"line":11,"column":47}},"6":{"start":{"line":11,"column":34},"end":{"line":11,"column":45}},"7":{"start":{"line":6,"column":13},"end":{"line":13,"column":null}},"8":{"start":{"line":6,"column":13},"end":{"line":6,"column":34}}},"fnMap":{"0":{"name":"(anonymous_2)","decl":{"start":{"line":7,"column":2},"end":{"line":7,"column":22}},"loc":{"start":{"line":7,"column":43},"end":{"line":7,"column":47}}},"1":{"name":"(anonymous_3)","decl":{"start":{"line":9,"column":2},"end":{"line":9,"column":7}},"loc":{"start":{"line":9,"column":16},"end":{"line":12,"column":3}}},"2":{"name":"(anonymous_4)","decl":{"start":{"line":11,"column":24},"end":{"line":11,"column":25}},"loc":{"start":{"line":11,"column":34},"end":{"line":11,"column":45}}}},"branchMap":{},"s":{"0":5,"1":5,"2":5,"3":5,"4":1,"5":1,"6":1,"7":5,"8":5},"f":{"0":5,"1":1,"2":1},"b":{}}
,"C:\\Users\\david.cortes\\Downloads\\Proyecto ADN\\adn-ceiba-backend\\src\\aplicacion\\pedido\\consulta\\obtener-pedido.manejador.ts": {"path":"C:\\Users\\david.cortes\\Downloads\\Proyecto ADN\\adn-ceiba-backend\\src\\aplicacion\\pedido\\consulta\\obtener-pedido.manejador.ts","statementMap":{"0":{"start":{"line":1,"column":0},"end":{"line":1,"column":44}},"1":{"start":{"line":2,"column":0},"end":{"line":2,"column":69}},"2":{"start":{"line":6,"column":0},"end":{"line":12,"column":null}},"3":{"start":{"line":7,"column":22},"end":{"line":7,"column":34}},"4":{"start":{"line":10,"column":4},"end":{"line":10,"column":44}},"5":{"start":{"line":6,"column":13},"end":{"line":12,"column":null}},"6":{"start":{"line":6,"column":13},"end":{"line":6,"column":35}}},"fnMap":{"0":{"name":"(anonymous_2)","decl":{"start":{"line":7,"column":2},"end":{"line":7,"column":22}},"loc":{"start":{"line":7,"column":43},"end":{"line":7,"column":47}}},"1":{"name":"(anonymous_3)","decl":{"start":{"line":9,"column":2},"end":{"line":9,"column":7}},"loc":{"start":{"line":9,"column":27},"end":{"line":11,"column":3}}}},"branchMap":{},"s":{"0":5,"1":5,"2":5,"3":5,"4":1,"5":5,"6":5},"f":{"0":5,"1":1},"b":{}}
,"C:\\Users\\david.cortes\\Downloads\\Proyecto ADN\\adn-ceiba-backend\\src\\aplicacion\\pedido\\consulta\\obtener-pedidos-por-estado.manejador.ts": {"path":"C:\\Users\\david.cortes\\Downloads\\Proyecto ADN\\adn-ceiba-backend\\src\\aplicacion\\pedido\\consulta\\obtener-pedidos-por-estado.manejador.ts","statementMap":{"0":{"start":{"line":1,"column":0},"end":{"line":1,"column":44}},"1":{"start":{"line":2,"column":0},"end":{"line":2,"column":69}},"2":{"start":{"line":6,"column":0},"end":{"line":12,"column":null}},"3":{"start":{"line":7,"column":22},"end":{"line":7,"column":34}},"4":{"start":{"line":10,"column":4},"end":{"line":10,"column":59}},"5":{"start":{"line":6,"column":13},"end":{"line":12,"column":null}},"6":{"start":{"line":6,"column":13},"end":{"line":6,"column":45}}},"fnMap":{"0":{"name":"(anonymous_2)","decl":{"start":{"line":7,"column":2},"end":{"line":7,"column":22}},"loc":{"start":{"line":7,"column":43},"end":{"line":7,"column":47}}},"1":{"name":"(anonymous_3)","decl":{"start":{"line":9,"column":2},"end":{"line":9,"column":7}},"loc":{"start":{"line":9,"column":31},"end":{"line":11,"column":3}}}},"branchMap":{},"s":{"0":5,"1":5,"2":5,"3":5,"4":1,"5":5,"6":5},"f":{"0":5,"1":1},"b":{}}
,"C:\\Users\\david.cortes\\Downloads\\Proyecto ADN\\adn-ceiba-backend\\src\\aplicacion\\producto-solicitado\\comando\\eliminar-producto-solicitado.manejador.ts": {"path":"C:\\Users\\david.cortes\\Downloads\\Proyecto ADN\\adn-ceiba-backend\\src\\aplicacion\\producto-solicitado\\comando\\eliminar-producto-solicitado.manejador.ts","statementMap":{"0":{"start":{"line":1,"column":0},"end":{"line":1,"column":44}},"1":{"start":{"line":2,"column":0},"end":{"line":2,"column":132}},"2":{"start":{"line":6,"column":0},"end":{"line":12,"column":null}},"3":{"start":{"line":7,"column":22},"end":{"line":7,"column":59}},"4":{"start":{"line":10,"column":4},"end":{"line":10,"column":98}},"5":{"start":{"line":6,"column":13},"end":{"line":12,"column":null}},"6":{"start":{"line":6,"column":13},"end":{"line":6,"column":48}}},"fnMap":{"0":{"name":"(anonymous_2)","decl":{"start":{"line":7,"column":2},"end":{"line":7,"column":22}},"loc":{"start":{"line":7,"column":93},"end":{"line":7,"column":97}}},"1":{"name":"(anonymous_3)","decl":{"start":{"line":9,"column":2},"end":{"line":9,"column":7}},"loc":{"start":{"line":9,"column":85},"end":{"line":11,"column":3}}}},"branchMap":{},"s":{"0":5,"1":5,"2":5,"3":5,"4":3,"5":5,"6":5},"f":{"0":5,"1":3},"b":{}}
,"C:\\Users\\david.cortes\\Downloads\\Proyecto ADN\\adn-ceiba-backend\\src\\aplicacion\\producto-solicitado\\comando\\registar-producto-solicitado.manejador.ts": {"path":"C:\\Users\\david.cortes\\Downloads\\Proyecto ADN\\adn-ceiba-backend\\src\\aplicacion\\producto-solicitado\\comando\\registar-producto-solicitado.manejador.ts","statementMap":{"0":{"start":{"line":1,"column":0},"end":{"line":1,"column":99}},"1":{"start":{"line":2,"column":0},"end":{"line":2,"column":44}},"2":{"start":{"line":3,"column":0},"end":{"line":3,"column":134}},"3":{"start":{"line":5,"column":0},"end":{"line":5,"column":96}},"4":{"start":{"line":8,"column":0},"end":{"line":32,"column":null}},"5":{"start":{"line":10,"column":12},"end":{"line":10,"column":50}},"6":{"start":{"line":11,"column":12},"end":{"line":11,"column":34}},"7":{"start":{"line":15,"column":23},"end":{"line":15,"column":77}},"8":{"start":{"line":16,"column":21},"end":{"line":16,"column":87}},"9":{"start":{"line":17,"column":4},"end":{"line":30,"column":6}},"10":{"start":{"line":8,"column":13},"end":{"line":32,"column":null}},"11":{"start":{"line":8,"column":13},"end":{"line":8,"column":49}}},"fnMap":{"0":{"name":"(anonymous_2)","decl":{"start":{"line":9,"column":2},"end":{"line":9,"column":null}},"loc":{"start":{"line":11,"column":53},"end":{"line":12,"column":6}}},"1":{"name":"(anonymous_3)","decl":{"start":{"line":14,"column":2},"end":{"line":14,"column":7}},"loc":{"start":{"line":14,"column":87},"end":{"line":31,"column":3}}}},"branchMap":{},"s":{"0":5,"1":5,"2":5,"3":5,"4":5,"5":5,"6":5,"7":4,"8":4,"9":4,"10":5,"11":5},"f":{"0":5,"1":4},"b":{}}
,"C:\\Users\\david.cortes\\Downloads\\Proyecto ADN\\adn-ceiba-backend\\src\\aplicacion\\producto-solicitado\\comando\\registrar-producto-solicitado.comando.ts": {"path":"C:\\Users\\david.cortes\\Downloads\\Proyecto ADN\\adn-ceiba-backend\\src\\aplicacion\\producto-solicitado\\comando\\registrar-producto-solicitado.comando.ts","statementMap":{"0":{"start":{"line":1,"column":0},"end":{"line":1,"column":74}},"1":{"start":{"line":2,"column":0},"end":{"line":2,"column":46}},"2":{"start":{"line":3,"column":0},"end":{"line":3,"column":64}},"3":{"start":{"line":8,"column":2},"end":{"line":8,"column":null}},"4":{"start":{"line":12,"column":2},"end":{"line":12,"column":null}},"5":{"start":{"line":16,"column":2},"end":{"line":16,"column":null}},"6":{"start":{"line":20,"column":2},"end":{"line":20,"column":null}},"7":{"start":{"line":28,"column":2},"end":{"line":28,"column":null}},"8":{"start":{"line":32,"column":2},"end":{"line":32,"column":null}},"9":{"start":{"line":35,"column":2},"end":{"line":35,"column":null}},"10":{"start":{"line":38,"column":2},"end":{"line":38,"column":null}},"11":{"start":{"line":41,"column":2},"end":{"line":41,"column":null}},"12":{"start":{"line":44,"column":2},"end":{"line":44,"column":null}},"13":{"start":{"line":5,"column":0},"end":{"line":5,"column":13}}},"fnMap":{},"branchMap":{},"s":{"0":5,"1":5,"2":5,"3":5,"4":5,"5":5,"6":5,"7":5,"8":5,"9":5,"10":5,"11":5,"12":5,"13":5},"f":{},"b":{}}
,"C:\\Users\\david.cortes\\Downloads\\Proyecto ADN\\adn-ceiba-backend\\src\\aplicacion\\producto-solicitado\\consulta\\listar-productos-solicitados.manejador.ts": {"path":"C:\\Users\\david.cortes\\Downloads\\Proyecto ADN\\adn-ceiba-backend\\src\\aplicacion\\producto-solicitado\\consulta\\listar-productos-solicitados.manejador.ts","statementMap":{"0":{"start":{"line":1,"column":0},"end":{"line":1,"column":44}},"1":{"start":{"line":2,"column":0},"end":{"line":2,"column":107}},"2":{"start":{"line":6,"column":0},"end":{"line":12,"column":null}},"3":{"start":{"line":7,"column":22},"end":{"line":7,"column":46}},"4":{"start":{"line":10,"column":4},"end":{"line":10,"column":48}},"5":{"start":{"line":6,"column":13},"end":{"line":12,"column":null}},"6":{"start":{"line":6,"column":13},"end":{"line":6,"column":46}}},"fnMap":{"0":{"name":"(anonymous_2)","decl":{"start":{"line":7,"column":2},"end":{"line":7,"column":22}},"loc":{"start":{"line":7,"column":67},"end":{"line":7,"column":71}}},"1":{"name":"(anonymous_3)","decl":{"start":{"line":9,"column":2},"end":{"line":9,"column":7}},"loc":{"start":{"line":9,"column":16},"end":{"line":11,"column":3}}}},"branchMap":{},"s":{"0":5,"1":5,"2":5,"3":5,"4":1,"5":5,"6":5},"f":{"0":5,"1":1},"b":{}}
,"C:\\Users\\david.cortes\\Downloads\\Proyecto ADN\\adn-ceiba-backend\\src\\aplicacion\\producto-solicitado\\consulta\\obtener-producto-solicitado.manejador.ts": {"path":"C:\\Users\\david.cortes\\Downloads\\Proyecto ADN\\adn-ceiba-backend\\src\\aplicacion\\producto-solicitado\\consulta\\obtener-producto-solicitado.manejador.ts","statementMap":{"0":{"start":{"line":1,"column":0},"end":{"line":1,"column":44}},"1":{"start":{"line":2,"column":0},"end":{"line":2,"column":107}},"2":{"start":{"line":6,"column":0},"end":{"line":12,"column":null}},"3":{"start":{"line":7,"column":22},"end":{"line":7,"column":46}},"4":{"start":{"line":10,"column":4},"end":{"line":10,"column":56}},"5":{"start":{"line":6,"column":13},"end":{"line":12,"column":null}},"6":{"start":{"line":6,"column":13},"end":{"line":6,"column":47}}},"fnMap":{"0":{"name":"(anonymous_2)","decl":{"start":{"line":7,"column":2},"end":{"line":7,"column":22}},"loc":{"start":{"line":7,"column":67},"end":{"line":7,"column":71}}},"1":{"name":"(anonymous_3)","decl":{"start":{"line":9,"column":2},"end":{"line":9,"column":7}},"loc":{"start":{"line":9,"column":27},"end":{"line":11,"column":3}}}},"branchMap":{},"s":{"0":5,"1":5,"2":5,"3":5,"4":1,"5":5,"6":5},"f":{"0":5,"1":1},"b":{}}
,"C:\\Users\\david.cortes\\Downloads\\Proyecto ADN\\adn-ceiba-backend\\src\\aplicacion\\producto\\comando\\eliminar-producto.manejador.ts": {"path":"C:\\Users\\david.cortes\\Downloads\\Proyecto ADN\\adn-ceiba-backend\\src\\aplicacion\\producto\\comando\\eliminar-producto.manejador.ts","statementMap":{"0":{"start":{"line":1,"column":0},"end":{"line":1,"column":44}},"1":{"start":{"line":2,"column":0},"end":{"line":2,"column":100}},"2":{"start":{"line":6,"column":0},"end":{"line":12,"column":null}},"3":{"start":{"line":7,"column":22},"end":{"line":7,"column":49}},"4":{"start":{"line":10,"column":4},"end":{"line":10,"column":78}},"5":{"start":{"line":6,"column":13},"end":{"line":12,"column":null}},"6":{"start":{"line":6,"column":13},"end":{"line":6,"column":38}}},"fnMap":{"0":{"name":"(anonymous_2)","decl":{"start":{"line":7,"column":2},"end":{"line":7,"column":22}},"loc":{"start":{"line":7,"column":73},"end":{"line":7,"column":77}}},"1":{"name":"(anonymous_3)","decl":{"start":{"line":9,"column":2},"end":{"line":9,"column":7}},"loc":{"start":{"line":9,"column":65},"end":{"line":11,"column":3}}}},"branchMap":{},"s":{"0":5,"1":5,"2":5,"3":5,"4":6,"5":5,"6":5},"f":{"0":5,"1":6},"b":{}}
,"C:\\Users\\david.cortes\\Downloads\\Proyecto ADN\\adn-ceiba-backend\\src\\aplicacion\\producto\\comando\\modificar-producto.manejador.ts": {"path":"C:\\Users\\david.cortes\\Downloads\\Proyecto ADN\\adn-ceiba-backend\\src\\aplicacion\\producto\\comando\\modificar-producto.manejador.ts","statementMap":{"0":{"start":{"line":1,"column":0},"end":{"line":1,"column":44}},"1":{"start":{"line":2,"column":0},"end":{"line":2,"column":102}},"2":{"start":{"line":6,"column":0},"end":{"line":15,"column":null}},"3":{"start":{"line":7,"column":22},"end":{"line":7,"column":50}},"4":{"start":{"line":10,"column":4},"end":{"line":13,"column":6}},"5":{"start":{"line":6,"column":13},"end":{"line":15,"column":null}},"6":{"start":{"line":6,"column":13},"end":{"line":6,"column":39}}},"fnMap":{"0":{"name":"(anonymous_2)","decl":{"start":{"line":7,"column":2},"end":{"line":7,"column":22}},"loc":{"start":{"line":7,"column":75},"end":{"line":7,"column":79}}},"1":{"name":"(anonymous_3)","decl":{"start":{"line":9,"column":2},"end":{"line":9,"column":7}},"loc":{"start":{"line":9,"column":67},"end":{"line":14,"column":3}}}},"branchMap":{},"s":{"0":5,"1":5,"2":5,"3":5,"4":3,"5":5,"6":5},"f":{"0":5,"1":3},"b":{}}
,"C:\\Users\\david.cortes\\Downloads\\Proyecto ADN\\adn-ceiba-backend\\src\\aplicacion\\producto\\comando\\registar-producto.manejador.ts": {"path":"C:\\Users\\david.cortes\\Downloads\\Proyecto ADN\\adn-ceiba-backend\\src\\aplicacion\\producto\\comando\\registar-producto.manejador.ts","statementMap":{"0":{"start":{"line":1,"column":0},"end":{"line":1,"column":44}},"1":{"start":{"line":2,"column":0},"end":{"line":2,"column":102}},"2":{"start":{"line":4,"column":0},"end":{"line":4,"column":64}},"3":{"start":{"line":7,"column":0},"end":{"line":23,"column":null}},"4":{"start":{"line":8,"column":22},"end":{"line":8,"column":50}},"5":{"start":{"line":11,"column":4},"end":{"line":21,"column":6}},"6":{"start":{"line":7,"column":13},"end":{"line":23,"column":null}},"7":{"start":{"line":7,"column":13},"end":{"line":7,"column":39}}},"fnMap":{"0":{"name":"(anonymous_2)","decl":{"start":{"line":8,"column":2},"end":{"line":8,"column":22}},"loc":{"start":{"line":8,"column":75},"end":{"line":8,"column":79}}},"1":{"name":"(anonymous_3)","decl":{"start":{"line":10,"column":2},"end":{"line":10,"column":7}},"loc":{"start":{"line":10,"column":67},"end":{"line":22,"column":3}}}},"branchMap":{},"s":{"0":5,"1":5,"2":5,"3":5,"4":5,"5":7,"6":5,"7":5},"f":{"0":5,"1":7},"b":{}}
,"C:\\Users\\david.cortes\\Downloads\\Proyecto ADN\\adn-ceiba-backend\\src\\aplicacion\\producto\\comando\\registrar-producto.comando.ts": {"path":"C:\\Users\\david.cortes\\Downloads\\Proyecto ADN\\adn-ceiba-backend\\src\\aplicacion\\producto\\comando\\registrar-producto.comando.ts","statementMap":{"0":{"start":{"line":1,"column":0},"end":{"line":1,"column":53}},"1":{"start":{"line":2,"column":0},"end":{"line":2,"column":46}},"2":{"start":{"line":7,"column":2},"end":{"line":7,"column":null}},"3":{"start":{"line":11,"column":2},"end":{"line":11,"column":null}},"4":{"start":{"line":14,"column":2},"end":{"line":14,"column":null}},"5":{"start":{"line":18,"column":2},"end":{"line":18,"column":null}},"6":{"start":{"line":22,"column":2},"end":{"line":22,"column":null}},"7":{"start":{"line":25,"column":2},"end":{"line":25,"column":null}},"8":{"start":{"line":28,"column":2},"end":{"line":28,"column":null}},"9":{"start":{"line":4,"column":0},"end":{"line":4,"column":13}}},"fnMap":{},"branchMap":{},"s":{"0":5,"1":5,"2":5,"3":5,"4":5,"5":5,"6":5,"7":5,"8":5,"9":5},"f":{},"b":{}}
,"C:\\Users\\david.cortes\\Downloads\\Proyecto ADN\\adn-ceiba-backend\\src\\aplicacion\\producto\\consulta\\listar-productos.manejador.ts": {"path":"C:\\Users\\david.cortes\\Downloads\\Proyecto ADN\\adn-ceiba-backend\\src\\aplicacion\\producto\\consulta\\listar-productos.manejador.ts","statementMap":{"0":{"start":{"line":1,"column":0},"end":{"line":1,"column":44}},"1":{"start":{"line":2,"column":0},"end":{"line":2,"column":75}},"2":{"start":{"line":6,"column":0},"end":{"line":12,"column":null}},"3":{"start":{"line":7,"column":22},"end":{"line":7,"column":36}},"4":{"start":{"line":10,"column":4},"end":{"line":10,"column":38}},"5":{"start":{"line":6,"column":13},"end":{"line":12,"column":null}},"6":{"start":{"line":6,"column":13},"end":{"line":6,"column":36}}},"fnMap":{"0":{"name":"(anonymous_2)","decl":{"start":{"line":7,"column":2},"end":{"line":7,"column":22}},"loc":{"start":{"line":7,"column":47},"end":{"line":7,"column":51}}},"1":{"name":"(anonymous_3)","decl":{"start":{"line":9,"column":2},"end":{"line":9,"column":7}},"loc":{"start":{"line":9,"column":16},"end":{"line":11,"column":3}}}},"branchMap":{},"s":{"0":5,"1":5,"2":5,"3":5,"4":2,"5":5,"6":5},"f":{"0":5,"1":2},"b":{}}
,"C:\\Users\\david.cortes\\Downloads\\Proyecto ADN\\adn-ceiba-backend\\src\\aplicacion\\producto\\consulta\\obtener-producto.manejador.ts": {"path":"C:\\Users\\david.cortes\\Downloads\\Proyecto ADN\\adn-ceiba-backend\\src\\aplicacion\\producto\\consulta\\obtener-producto.manejador.ts","statementMap":{"0":{"start":{"line":1,"column":0},"end":{"line":1,"column":44}},"1":{"start":{"line":2,"column":0},"end":{"line":2,"column":75}},"2":{"start":{"line":6,"column":0},"end":{"line":12,"column":null}},"3":{"start":{"line":7,"column":22},"end":{"line":7,"column":36}},"4":{"start":{"line":10,"column":4},"end":{"line":10,"column":46}},"5":{"start":{"line":6,"column":13},"end":{"line":12,"column":null}},"6":{"start":{"line":6,"column":13},"end":{"line":6,"column":37}}},"fnMap":{"0":{"name":"(anonymous_2)","decl":{"start":{"line":7,"column":2},"end":{"line":7,"column":22}},"loc":{"start":{"line":7,"column":47},"end":{"line":7,"column":51}}},"1":{"name":"(anonymous_3)","decl":{"start":{"line":9,"column":2},"end":{"line":9,"column":7}},"loc":{"start":{"line":9,"column":27},"end":{"line":11,"column":3}}}},"branchMap":{},"s":{"0":5,"1":5,"2":5,"3":5,"4":2,"5":5,"6":5},"f":{"0":5,"1":2},"b":{}}
,"C:\\Users\\david.cortes\\Downloads\\Proyecto ADN\\adn-ceiba-backend\\src\\aplicacion\\productos-por-pedido\\comando\\eliminar-productos-por-pedido.manejador.ts": {"path":"C:\\Users\\david.cortes\\Downloads\\Proyecto ADN\\adn-ceiba-backend\\src\\aplicacion\\productos-por-pedido\\comando\\eliminar-productos-por-pedido.manejador.ts","statementMap":{"0":{"start":{"line":1,"column":0},"end":{"line":1,"column":44}},"1":{"start":{"line":2,"column":0},"end":{"line":2,"column":134}},"2":{"start":{"line":6,"column":0},"end":{"line":12,"column":null}},"3":{"start":{"line":7,"column":22},"end":{"line":7,"column":59}},"4":{"start":{"line":10,"column":4},"end":{"line":10,"column":98}},"5":{"start":{"line":6,"column":13},"end":{"line":12,"column":null}},"6":{"start":{"line":6,"column":13},"end":{"line":6,"column":48}}},"fnMap":{"0":{"name":"(anonymous_2)","decl":{"start":{"line":7,"column":2},"end":{"line":7,"column":22}},"loc":{"start":{"line":7,"column":93},"end":{"line":7,"column":97}}},"1":{"name":"(anonymous_3)","decl":{"start":{"line":9,"column":2},"end":{"line":9,"column":7}},"loc":{"start":{"line":9,"column":85},"end":{"line":11,"column":3}}}},"branchMap":{},"s":{"0":5,"1":5,"2":5,"3":5,"4":2,"5":5,"6":5},"f":{"0":5,"1":2},"b":{}}
,"C:\\Users\\david.cortes\\Downloads\\Proyecto ADN\\adn-ceiba-backend\\src\\aplicacion\\productos-por-pedido\\comando\\modificar-productos-por-pedido.manejador.ts": {"path":"C:\\Users\\david.cortes\\Downloads\\Proyecto ADN\\adn-ceiba-backend\\src\\aplicacion\\productos-por-pedido\\comando\\modificar-productos-por-pedido.manejador.ts","statementMap":{"0":{"start":{"line":1,"column":0},"end":{"line":1,"column":44}},"1":{"start":{"line":2,"column":0},"end":{"line":2,"column":136}},"2":{"start":{"line":6,"column":0},"end":{"line":15,"column":null}},"3":{"start":{"line":7,"column":22},"end":{"line":7,"column":60}},"4":{"start":{"line":10,"column":4},"end":{"line":13,"column":6}},"5":{"start":{"line":6,"column":13},"end":{"line":15,"column":null}},"6":{"start":{"line":6,"column":13},"end":{"line":6,"column":49}}},"fnMap":{"0":{"name":"(anonymous_2)","decl":{"start":{"line":7,"column":2},"end":{"line":7,"column":22}},"loc":{"start":{"line":7,"column":95},"end":{"line":7,"column":99}}},"1":{"name":"(anonymous_3)","decl":{"start":{"line":9,"column":2},"end":{"line":9,"column":7}},"loc":{"start":{"line":9,"column":87},"end":{"line":14,"column":3}}}},"branchMap":{},"s":{"0":5,"1":5,"2":5,"3":5,"4":3,"5":5,"6":5},"f":{"0":5,"1":3},"b":{}}
,"C:\\Users\\david.cortes\\Downloads\\Proyecto ADN\\adn-ceiba-backend\\src\\aplicacion\\productos-por-pedido\\comando\\registar-productos-por-pedido.manejador.ts": {"path":"C:\\Users\\david.cortes\\Downloads\\Proyecto ADN\\adn-ceiba-backend\\src\\aplicacion\\productos-por-pedido\\comando\\registar-productos-por-pedido.manejador.ts","statementMap":{"0":{"start":{"line":1,"column":0},"end":{"line":1,"column":131}},"1":{"start":{"line":2,"column":0},"end":{"line":2,"column":44}},"2":{"start":{"line":3,"column":0},"end":{"line":3,"column":136}},"3":{"start":{"line":5,"column":0},"end":{"line":5,"column":98}},"4":{"start":{"line":8,"column":0},"end":{"line":30,"column":null}},"5":{"start":{"line":10,"column":12},"end":{"line":10,"column":50}},"6":{"start":{"line":11,"column":12},"end":{"line":11,"column":44}},"7":{"start":{"line":16,"column":33},"end":{"line":16,"column":97}},"8":{"start":{"line":17,"column":31},"end":{"line":17,"column":117}},"9":{"start":{"line":19,"column":4},"end":{"line":28,"column":6}},"10":{"start":{"line":8,"column":13},"end":{"line":30,"column":null}},"11":{"start":{"line":8,"column":13},"end":{"line":8,"column":49}}},"fnMap":{"0":{"name":"(anonymous_2)","decl":{"start":{"line":9,"column":2},"end":{"line":9,"column":null}},"loc":{"start":{"line":11,"column":73},"end":{"line":12,"column":6}}},"1":{"name":"(anonymous_3)","decl":{"start":{"line":14,"column":2},"end":{"line":14,"column":7}},"loc":{"start":{"line":14,"column":87},"end":{"line":29,"column":3}}}},"branchMap":{},"s":{"0":5,"1":5,"2":5,"3":5,"4":5,"5":5,"6":5,"7":2,"8":2,"9":2,"10":5,"11":5},"f":{"0":5,"1":2},"b":{}}
,"C:\\Users\\david.cortes\\Downloads\\Proyecto ADN\\adn-ceiba-backend\\src\\aplicacion\\productos-por-pedido\\comando\\registrar-productos-por-pedido.comando.ts": {"path":"C:\\Users\\david.cortes\\Downloads\\Proyecto ADN\\adn-ceiba-backend\\src\\aplicacion\\productos-por-pedido\\comando\\registrar-productos-por-pedido.comando.ts","statementMap":{"0":{"start":{"line":1,"column":0},"end":{"line":1,"column":43}},"1":{"start":{"line":2,"column":0},"end":{"line":2,"column":46}},"2":{"start":{"line":3,"column":0},"end":{"line":3,"column":58}},"3":{"start":{"line":4,"column":0},"end":{"line":4,"column":96}},"4":{"start":{"line":8,"column":2},"end":{"line":8,"column":null}},"5":{"start":{"line":11,"column":2},"end":{"line":11,"column":null}},"6":{"start":{"line":14,"column":2},"end":{"line":14,"column":null}},"7":{"start":{"line":18,"column":2},"end":{"line":18,"column":null}},"8":{"start":{"line":21,"column":2},"end":{"line":21,"column":null}},"9":{"start":{"line":24,"column":2},"end":{"line":24,"column":null}},"10":{"start":{"line":6,"column":0},"end":{"line":6,"column":13}}},"fnMap":{},"branchMap":{},"s":{"0":5,"1":5,"2":5,"3":5,"4":5,"5":5,"6":5,"7":5,"8":5,"9":5,"10":5},"f":{},"b":{}}
,"C:\\Users\\david.cortes\\Downloads\\Proyecto ADN\\adn-ceiba-backend\\src\\aplicacion\\productos-por-pedido\\consulta\\listar-productos-por-pedido.manejador.ts": {"path":"C:\\Users\\david.cortes\\Downloads\\Proyecto ADN\\adn-ceiba-backend\\src\\aplicacion\\productos-por-pedido\\consulta\\listar-productos-por-pedido.manejador.ts","statementMap":{"0":{"start":{"line":1,"column":0},"end":{"line":1,"column":44}},"1":{"start":{"line":2,"column":0},"end":{"line":2,"column":109}},"2":{"start":{"line":6,"column":0},"end":{"line":12,"column":null}},"3":{"start":{"line":7,"column":22},"end":{"line":7,"column":46}},"4":{"start":{"line":10,"column":4},"end":{"line":10,"column":48}},"5":{"start":{"line":6,"column":13},"end":{"line":12,"column":null}},"6":{"start":{"line":6,"column":13},"end":{"line":6,"column":46}}},"fnMap":{"0":{"name":"(anonymous_2)","decl":{"start":{"line":7,"column":2},"end":{"line":7,"column":22}},"loc":{"start":{"line":7,"column":67},"end":{"line":7,"column":71}}},"1":{"name":"(anonymous_3)","decl":{"start":{"line":9,"column":2},"end":{"line":9,"column":7}},"loc":{"start":{"line":9,"column":16},"end":{"line":11,"column":3}}}},"branchMap":{},"s":{"0":5,"1":5,"2":5,"3":5,"4":1,"5":5,"6":5},"f":{"0":5,"1":1},"b":{}}
,"C:\\Users\\david.cortes\\Downloads\\Proyecto ADN\\adn-ceiba-backend\\src\\aplicacion\\productos-por-pedido\\consulta\\obtener-producto-por-pedido.manejador.ts": {"path":"C:\\Users\\david.cortes\\Downloads\\Proyecto ADN\\adn-ceiba-backend\\src\\aplicacion\\productos-por-pedido\\consulta\\obtener-producto-por-pedido.manejador.ts","statementMap":{"0":{"start":{"line":1,"column":0},"end":{"line":1,"column":44}},"1":{"start":{"line":2,"column":0},"end":{"line":2,"column":109}},"2":{"start":{"line":6,"column":0},"end":{"line":12,"column":null}},"3":{"start":{"line":7,"column":22},"end":{"line":7,"column":46}},"4":{"start":{"line":10,"column":4},"end":{"line":10,"column":56}},"5":{"start":{"line":6,"column":13},"end":{"line":12,"column":null}},"6":{"start":{"line":6,"column":13},"end":{"line":6,"column":47}}},"fnMap":{"0":{"name":"(anonymous_2)","decl":{"start":{"line":7,"column":2},"end":{"line":7,"column":22}},"loc":{"start":{"line":7,"column":67},"end":{"line":7,"column":71}}},"1":{"name":"(anonymous_3)","decl":{"start":{"line":9,"column":2},"end":{"line":9,"column":7}},"loc":{"start":{"line":9,"column":27},"end":{"line":11,"column":3}}}},"branchMap":{},"s":{"0":5,"1":5,"2":5,"3":5,"4":1,"5":5,"6":5},"f":{"0":5,"1":1},"b":{}}
,"C:\\Users\\david.cortes\\Downloads\\Proyecto ADN\\adn-ceiba-backend\\src\\aplicacion\\usuario\\comando\\eliminar-usuario.manejador.ts": {"path":"C:\\Users\\david.cortes\\Downloads\\Proyecto ADN\\adn-ceiba-backend\\src\\aplicacion\\usuario\\comando\\eliminar-usuario.manejador.ts","statementMap":{"0":{"start":{"line":1,"column":0},"end":{"line":1,"column":44}},"1":{"start":{"line":2,"column":0},"end":{"line":2,"column":97}},"2":{"start":{"line":6,"column":0},"end":{"line":12,"column":null}},"3":{"start":{"line":7,"column":22},"end":{"line":7,"column":48}},"4":{"start":{"line":10,"column":4},"end":{"line":10,"column":76}},"5":{"start":{"line":6,"column":13},"end":{"line":12,"column":null}},"6":{"start":{"line":6,"column":13},"end":{"line":6,"column":37}}},"fnMap":{"0":{"name":"(anonymous_2)","decl":{"start":{"line":7,"column":2},"end":{"line":7,"column":22}},"loc":{"start":{"line":7,"column":71},"end":{"line":7,"column":75}}},"1":{"name":"(anonymous_3)","decl":{"start":{"line":9,"column":2},"end":{"line":9,"column":7}},"loc":{"start":{"line":9,"column":63},"end":{"line":11,"column":3}}}},"branchMap":{},"s":{"0":5,"1":5,"2":5,"3":5,"4":2,"5":5,"6":5},"f":{"0":5,"1":2},"b":{}}
,"C:\\Users\\david.cortes\\Downloads\\Proyecto ADN\\adn-ceiba-backend\\src\\aplicacion\\usuario\\comando\\registar-usuario.manejador.ts": {"path":"C:\\Users\\david.cortes\\Downloads\\Proyecto ADN\\adn-ceiba-backend\\src\\aplicacion\\usuario\\comando\\registar-usuario.manejador.ts","statementMap":{"0":{"start":{"line":1,"column":0},"end":{"line":1,"column":44}},"1":{"start":{"line":2,"column":0},"end":{"line":2,"column":99}},"2":{"start":{"line":4,"column":0},"end":{"line":4,"column":61}},"3":{"start":{"line":7,"column":0},"end":{"line":18,"column":null}},"4":{"start":{"line":8,"column":22},"end":{"line":8,"column":49}},"5":{"start":{"line":11,"column":4},"end":{"line":16,"column":6}},"6":{"start":{"line":7,"column":13},"end":{"line":18,"column":null}},"7":{"start":{"line":7,"column":13},"end":{"line":7,"column":38}}},"fnMap":{"0":{"name":"(anonymous_2)","decl":{"start":{"line":8,"column":2},"end":{"line":8,"column":22}},"loc":{"start":{"line":8,"column":73},"end":{"line":8,"column":77}}},"1":{"name":"(anonymous_3)","decl":{"start":{"line":10,"column":2},"end":{"line":10,"column":7}},"loc":{"start":{"line":10,"column":65},"end":{"line":17,"column":3}}}},"branchMap":{},"s":{"0":5,"1":5,"2":5,"3":5,"4":5,"5":4,"6":5,"7":5},"f":{"0":5,"1":4},"b":{}}
,"C:\\Users\\david.cortes\\Downloads\\Proyecto ADN\\adn-ceiba-backend\\src\\aplicacion\\usuario\\comando\\registrar-usuario.comando.ts": {"path":"C:\\Users\\david.cortes\\Downloads\\Proyecto ADN\\adn-ceiba-backend\\src\\aplicacion\\usuario\\comando\\registrar-usuario.comando.ts","statementMap":{"0":{"start":{"line":1,"column":0},"end":{"line":1,"column":43}},"1":{"start":{"line":2,"column":0},"end":{"line":2,"column":46}},"2":{"start":{"line":7,"column":2},"end":{"line":7,"column":null}},"3":{"start":{"line":11,"column":2},"end":{"line":11,"column":null}},"4":{"start":{"line":4,"column":0},"end":{"line":4,"column":13}}},"fnMap":{},"branchMap":{},"s":{"0":5,"1":5,"2":5,"3":5,"4":5},"f":{},"b":{}}
,"C:\\Users\\david.cortes\\Downloads\\Proyecto ADN\\adn-ceiba-backend\\src\\aplicacion\\usuario\\consulta\\listar-usuarios.manejador.ts": {"path":"C:\\Users\\david.cortes\\Downloads\\Proyecto ADN\\adn-ceiba-backend\\src\\aplicacion\\usuario\\consulta\\listar-usuarios.manejador.ts","statementMap":{"0":{"start":{"line":1,"column":0},"end":{"line":1,"column":44}},"1":{"start":{"line":2,"column":0},"end":{"line":2,"column":72}},"2":{"start":{"line":6,"column":0},"end":{"line":12,"column":null}},"3":{"start":{"line":7,"column":22},"end":{"line":7,"column":35}},"4":{"start":{"line":10,"column":4},"end":{"line":10,"column":37}},"5":{"start":{"line":6,"column":13},"end":{"line":12,"column":null}},"6":{"start":{"line":6,"column":13},"end":{"line":6,"column":35}}},"fnMap":{"0":{"name":"(anonymous_2)","decl":{"start":{"line":7,"column":2},"end":{"line":7,"column":22}},"loc":{"start":{"line":7,"column":45},"end":{"line":7,"column":49}}},"1":{"name":"(anonymous_3)","decl":{"start":{"line":9,"column":2},"end":{"line":9,"column":7}},"loc":{"start":{"line":9,"column":16},"end":{"line":11,"column":3}}}},"branchMap":{},"s":{"0":5,"1":5,"2":5,"3":5,"4":1,"5":5,"6":5},"f":{"0":5,"1":1},"b":{}}
,"C:\\Users\\david.cortes\\Downloads\\Proyecto ADN\\adn-ceiba-backend\\src\\dominio\\errores\\error-de-negocio.ts": {"path":"C:\\Users\\david.cortes\\Downloads\\Proyecto ADN\\adn-ceiba-backend\\src\\dominio\\errores\\error-de-negocio.ts","statementMap":{"0":{"start":{"line":3,"column":4},"end":{"line":3,"column":19}},"1":{"start":{"line":4,"column":4},"end":{"line":4,"column":45}},"2":{"start":{"line":1,"column":0},"end":{"line":1,"column":13}}},"fnMap":{"0":{"name":"(anonymous_0)","decl":{"start":{"line":2,"column":2},"end":{"line":2,"column":14}},"loc":{"start":{"line":2,"column":45},"end":{"line":5,"column":3}}}},"branchMap":{"0":{"loc":{"start":{"line":4,"column":16},"end":{"line":4,"column":21}},"type":"binary-expr","locations":[{"start":{"line":4,"column":16},"end":{"line":4,"column":21}},{"start":{"line":4,"column":25},"end":{"line":4,"column":44}}]}},"s":{"0":42,"1":42,"2":22},"f":{"0":42},"b":{"0":[42,26]}}
,"C:\\Users\\david.cortes\\Downloads\\Proyecto ADN\\adn-ceiba-backend\\src\\dominio\\errores\\error-imagen-invalida.ts": {"path":"C:\\Users\\david.cortes\\Downloads\\Proyecto ADN\\adn-ceiba-backend\\src\\dominio\\errores\\error-imagen-invalida.ts","statementMap":{"0":{"start":{"line":1,"column":0},"end":{"line":1,"column":52}},"1":{"start":{"line":5,"column":4},"end":{"line":5,"column":45}},"2":{"start":{"line":3,"column":0},"end":{"line":3,"column":13}}},"fnMap":{"0":{"name":"(anonymous_0)","decl":{"start":{"line":4,"column":2},"end":{"line":4,"column":14}},"loc":{"start":{"line":4,"column":29},"end":{"line":6,"column":3}}}},"branchMap":{},"s":{"0":12,"1":7,"2":12},"f":{"0":7},"b":{}}
,"C:\\Users\\david.cortes\\Downloads\\Proyecto ADN\\adn-ceiba-backend\\src\\dominio\\errores\\error-longitud-invalida.ts": {"path":"C:\\Users\\david.cortes\\Downloads\\Proyecto ADN\\adn-ceiba-backend\\src\\dominio\\errores\\error-longitud-invalida.ts","statementMap":{"0":{"start":{"line":1,"column":0},"end":{"line":1,"column":52}},"1":{"start":{"line":5,"column":4},"end":{"line":5,"column":47}},"2":{"start":{"line":3,"column":0},"end":{"line":3,"column":13}}},"fnMap":{"0":{"name":"(anonymous_0)","decl":{"start":{"line":4,"column":2},"end":{"line":4,"column":14}},"loc":{"start":{"line":4,"column":29},"end":{"line":6,"column":3}}}},"branchMap":{},"s":{"0":7,"1":3,"2":7},"f":{"0":3},"b":{}}
,"C:\\Users\\david.cortes\\Downloads\\Proyecto ADN\\adn-ceiba-backend\\src\\dominio\\errores\\error-propiedades-faltantes.ts": {"path":"C:\\Users\\david.cortes\\Downloads\\Proyecto ADN\\adn-ceiba-backend\\src\\dominio\\errores\\error-propiedades-faltantes.ts","statementMap":{"0":{"start":{"line":1,"column":0},"end":{"line":1,"column":52}},"1":{"start":{"line":5,"column":4},"end":{"line":5,"column":51}},"2":{"start":{"line":3,"column":0},"end":{"line":3,"column":13}}},"fnMap":{"0":{"name":"(anonymous_0)","decl":{"start":{"line":4,"column":2},"end":{"line":4,"column":14}},"loc":{"start":{"line":4,"column":29},"end":{"line":6,"column":3}}}},"branchMap":{},"s":{"0":10,"1":6,"2":10},"f":{"0":6},"b":{}}
,"C:\\Users\\david.cortes\\Downloads\\Proyecto ADN\\adn-ceiba-backend\\src\\dominio\\pedido\\modelo\\pedido.ts": {"path":"C:\\Users\\david.cortes\\Downloads\\Proyecto ADN\\adn-ceiba-backend\\src\\dominio\\pedido\\modelo\\pedido.ts","statementMap":{"0":{"start":{"line":3,"column":2},"end":{"line":3,"column":23}},"1":{"start":{"line":4,"column":2},"end":{"line":4,"column":33}},"2":{"start":{"line":5,"column":2},"end":{"line":5,"column":55}},"3":{"start":{"line":6,"column":2},"end":{"line":6,"column":30}},"4":{"start":{"line":7,"column":2},"end":{"line":7,"column":28}},"5":{"start":{"line":8,"column":2},"end":{"line":8,"column":27}},"6":{"start":{"line":9,"column":2},"end":{"line":9,"column":17}},"7":{"start":{"line":10,"column":2},"end":{"line":10,"column":18}},"8":{"start":{"line":11,"column":2},"end":{"line":11,"column":28}},"9":{"start":{"line":12,"column":2},"end":{"line":12,"column":28}},"10":{"start":{"line":26,"column":4},"end":{"line":26,"column":18}},"11":{"start":{"line":27,"column":4},"end":{"line":27,"column":38}},"12":{"start":{"line":28,"column":4},"end":{"line":28,"column":54}},"13":{"start":{"line":29,"column":4},"end":{"line":29,"column":32}},"14":{"start":{"line":30,"column":4},"end":{"line":30,"column":28}},"15":{"start":{"line":31,"column":4},"end":{"line":31,"column":26}},"16":{"start":{"line":32,"column":4},"end":{"line":32,"column":24}},"17":{"start":{"line":33,"column":4},"end":{"line":33,"column":26}},"18":{"start":{"line":34,"column":4},"end":{"line":34,"column":32}},"19":{"start":{"line":35,"column":4},"end":{"line":35,"column":32}},"20":{"start":{"line":39,"column":30},"end":{"line":39,"column":62}},"21":{"start":{"line":40,"column":21},"end":{"line":40,"column":22}},"22":{"start":{"line":41,"column":22},"end":{"line":41,"column":23}},"23":{"start":{"line":43,"column":4},"end":{"line":48,"column":7}},"24":{"start":{"line":44,"column":29},"end":{"line":44,"column":82}},"25":{"start":{"line":45,"column":30},"end":{"line":45,"column":84}},"26":{"start":{"line":46,"column":6},"end":{"line":46,"column":35}},"27":{"start":{"line":47,"column":6},"end":{"line":47,"column":37}},"28":{"start":{"line":50,"column":6},"end":{"line":50,"column":31}},"29":{"start":{"line":51,"column":6},"end":{"line":51,"column":33}},"30":{"start":{"line":55,"column":4},"end":{"line":55,"column":20}},"31":{"start":{"line":59,"column":4},"end":{"line":59,"column":30}},"32":{"start":{"line":63,"column":4},"end":{"line":63,"column":38}},"33":{"start":{"line":67,"column":4},"end":{"line":67,"column":27}},"34":{"start":{"line":71,"column":4},"end":{"line":71,"column":25}},"35":{"start":{"line":75,"column":4},"end":{"line":75,"column":24}},"36":{"start":{"line":79,"column":4},"end":{"line":79,"column":23}},"37":{"start":{"line":83,"column":4},"end":{"line":83,"column":29}},"38":{"start":{"line":87,"column":4},"end":{"line":87,"column":24}},"39":{"start":{"line":91,"column":4},"end":{"line":91,"column":31}},"40":{"start":{"line":95,"column":4},"end":{"line":95,"column":27}},"41":{"start":{"line":99,"column":4},"end":{"line":99,"column":27}},"42":{"start":{"line":2,"column":0},"end":{"line":2,"column":13}}},"fnMap":{"0":{"name":"(anonymous_2)","decl":{"start":{"line":14,"column":2},"end":{"line":14,"column":null}},"loc":{"start":{"line":24,"column":19},"end":{"line":36,"column":3}}},"1":{"name":"(anonymous_3)","decl":{"start":{"line":38,"column":2},"end":{"line":38,"column":21}},"loc":{"start":{"line":38,"column":21},"end":{"line":52,"column":3}}},"2":{"name":"(anonymous_4)","decl":{"start":{"line":43,"column":30},"end":{"line":43,"column":31}},"loc":{"start":{"line":43,"column":43},"end":{"line":48,"column":5}}},"3":{"name":"(anonymous_5)","decl":{"start":{"line":54,"column":2},"end":{"line":54,"column":6}},"loc":{"start":{"line":54,"column":8},"end":{"line":56,"column":3}}},"4":{"name":"(anonymous_6)","decl":{"start":{"line":58,"column":2},"end":{"line":58,"column":6}},"loc":{"start":{"line":58,"column":18},"end":{"line":60,"column":3}}},"5":{"name":"(anonymous_7)","decl":{"start":{"line":62,"column":2},"end":{"line":62,"column":6}},"loc":{"start":{"line":62,"column":26},"end":{"line":64,"column":3}}},"6":{"name":"(anonymous_8)","decl":{"start":{"line":66,"column":2},"end":
[...]
,"C:\\Users\\david.cortes\\Downloads\\Proyecto ADN\\adn-ceiba-backend\\src\\infraestructura\\productos-por-pedido\\proveedor\\productos-por-pedido-proveedor.module.ts": {"path":"C:\\Users\\david.cortes\\Downloads\\Proyecto ADN\\adn-ceiba-backend\\src\\infraestructura\\productos-por-pedido\\proveedor\\productos-por-pedido-proveedor.module.ts","statementMap":{"0":{"start":{"line":1,"column":0},"end":{"line":1,"column":148}},"1":{"start":{"line":2,"column":0},"end":{"line":2,"column":40}},"2":{"start":{"line":3,"column":0},"end":{"line":3,"column":48}},"3":{"start":{"line":5,"column":0},"end":{"line":5,"column":113}},"4":{"start":{"line":6,"column":0},"end":{"line":6,"column":133}},"5":{"start":{"line":8,"column":0},"end":{"line":8,"column":89}},"6":{"start":{"line":9,"column":0},"end":{"line":9,"column":109}},"7":{"start":{"line":10,"column":0},"end":{"line":10,"column":84}},"8":{"start":{"line":12,"column":0},"end":{"line":12,"column":124}},"9":{"start":{"line":13,"column":0},"end":{"line":13,"column":136}},"10":{"start":{"line":14,"column":0},"end":{"line":14,"column":139}},"11":{"start":{"line":16,"column":0},"end":{"line":16,"column":124}},"12":{"start":{"line":17,"column":0},"end":{"line":17,"column":136}},"13":{"start":{"line":18,"column":0},"end":{"line":18,"column":140}},"14":{"start":{"line":20,"column":0},"end":{"line":20,"column":122}},"15":{"start":{"line":21,"column":0},"end":{"line":21,"column":134}},"16":{"start":{"line":22,"column":0},"end":{"line":22,"column":138}},"17":{"start":{"line":24,"column":0},"end":{"line":24,"column":135}},"18":{"start":{"line":25,"column":0},"end":{"line":25,"column":136}},"19":{"start":{"line":26,"column":0},"end":{"line":26,"column":72}},"20":{"start":{"line":27,"column":0},"end":{"line":27,"column":110}},"21":{"start":{"line":28,"column":0},"end":{"line":28,"column":93}},"22":{"start":{"line":29,"column":0},"end":{"line":29,"column":82}},"23":{"start":{"line":30,"column":0},"end":{"line":30,"column":120}},"24":{"start":{"line":61,"column":0},"end":{"line":63,"column":null}},"25":{"start":{"line":61,"column":13},"end":{"line":63,"column":null}},"26":{"start":{"line":61,"column":13},"end":{"line":61,"column":46}}},"fnMap":{},"branchMap":{},"s":{"0":5,"1":5,"2":5,"3":5,"4":5,"5":5,"6":5,"7":5,"8":5,"9":5,"10":5,"11":5,"12":5,"13":5,"14":5,"15":5,"16":5,"17":5,"18":5,"19":5,"20":5,"21":5,"22":5,"23":5,"24":5,"25":5,"26":5},"f":{},"b":{}}
,"C:\\Users\\david.cortes\\Downloads\\Proyecto ADN\\adn-ceiba-backend\\src\\infraestructura\\productos-por-pedido\\proveedor\\dao\\dao-productos-por-pedido.proveedor.ts": {"path":"C:\\Users\\david.cortes\\Downloads\\Proyecto ADN\\adn-ceiba-backend\\src\\infraestructura\\productos-por-pedido\\proveedor\\dao\\dao-productos-por-pedido.proveedor.ts","statementMap":{"0":{"start":{"line":1,"column":0},"end":{"line":1,"column":109}},"1":{"start":{"line":2,"column":0},"end":{"line":2,"column":137}},"2":{"start":{"line":4,"column":13},"end":{"line":7,"column":2}}},"fnMap":{},"branchMap":{},"s":{"0":5,"1":5,"2":5},"f":{},"b":{}}
,"C:\\Users\\david.cortes\\Downloads\\Proyecto ADN\\adn-ceiba-backend\\src\\infraestructura\\productos-por-pedido\\proveedor\\repositorio\\repositorio-productos-por-pedido.proveedor.ts": {"path":"C:\\Users\\david.cortes\\Downloads\\Proyecto ADN\\adn-ceiba-backend\\src\\infraestructura\\productos-por-pedido\\proveedor\\repositorio\\repositorio-productos-por-pedido.proveedor.ts","statementMap":{"0":{"start":{"line":1,"column":0},"end":{"line":1,"column":133}},"1":{"start":{"line":2,"column":0},"end":{"line":2,"column":161}},"2":{"start":{"line":4,"column":13},"end":{"line":7,"column":2}}},"fnMap":{},"branchMap":{},"s":{"0":5,"1":5,"2":5},"f":{},"b":{}}
,"C:\\Users\\david.cortes\\Downloads\\Proyecto ADN\\adn-ceiba-backend\\src\\infraestructura\\productos-por-pedido\\proveedor\\servicio\\servicio-eliminar-productos-por-pedido.proveedor.ts": {"path":"C:\\Users\\david.cortes\\Downloads\\Proyecto ADN\\adn-ceiba-backend\\src\\infraestructura\\productos-por-pedido\\proveedor\\servicio\\servicio-eliminar-productos-por-pedido.proveedor.ts","statementMap":{"0":{"start":{"line":3,"column":0},"end":{"line":3,"column":134}},"1":{"start":{"line":9,"column":2},"end":{"line":9,"column":98}},"2":{"start":{"line":5,"column":0},"end":{"line":5,"column":16}}},"fnMap":{"0":{"name":"servicioEliminarProductosPorPedidoProveedor","decl":{"start":{"line":5,"column":16},"end":{"line":5,"column":59}},"loc":{"start":{"line":7,"column":38},"end":{"line":10,"column":1}}}},"branchMap":{},"s":{"0":5,"1":5,"2":5},"f":{"0":5},"b":{}}
,"C:\\Users\\david.cortes\\Downloads\\Proyecto ADN\\adn-ceiba-backend\\src\\infraestructura\\productos-por-pedido\\proveedor\\servicio\\servicio-modificar-productos-por-pedido.proveedor.ts": {"path":"C:\\Users\\david.cortes\\Downloads\\Proyecto ADN\\adn-ceiba-backend\\src\\infraestructura\\productos-por-pedido\\proveedor\\servicio\\servicio-modificar-productos-por-pedido.proveedor.ts","statementMap":{"0":{"start":{"line":2,"column":0},"end":{"line":2,"column":136}},"1":{"start":{"line":5,"column":2},"end":{"line":5,"column":80}},"2":{"start":{"line":4,"column":0},"end":{"line":4,"column":16}}},"fnMap":{"0":{"name":"servicioModificarProductosPorPedidoProveedor","decl":{"start":{"line":4,"column":16},"end":{"line":4,"column":60}},"loc":{"start":{"line":4,"column":121},"end":{"line":6,"column":1}}}},"branchMap":{},"s":{"0":5,"1":5,"2":5},"f":{"0":5},"b":{}}
,"C:\\Users\\david.cortes\\Downloads\\Proyecto ADN\\adn-ceiba-backend\\src\\infraestructura\\productos-por-pedido\\proveedor\\servicio\\servicio-registrar-productos-por-pedido.proveedor.ts": {"path":"C:\\Users\\david.cortes\\Downloads\\Proyecto ADN\\adn-ceiba-backend\\src\\infraestructura\\productos-por-pedido\\proveedor\\servicio\\servicio-registrar-productos-por-pedido.proveedor.ts","statementMap":{"0":{"start":{"line":3,"column":0},"end":{"line":3,"column":136}},"1":{"start":{"line":9,"column":2},"end":{"line":9,"column":99}},"2":{"start":{"line":5,"column":0},"end":{"line":5,"column":16}}},"fnMap":{"0":{"name":"servicioRegistrarProductosPorPedidoProveedor","decl":{"start":{"line":5,"column":16},"end":{"line":5,"column":60}},"loc":{"start":{"line":7,"column":38},"end":{"line":10,"column":1}}}},"branchMap":{},"s":{"0":5,"1":5,"2":5},"f":{"0":5},"b":{}}
,"C:\\Users\\david.cortes\\Downloads\\Proyecto ADN\\adn-ceiba-backend\\src\\infraestructura\\usuario\\usuario.module.ts": {"path":"C:\\Users\\david.cortes\\Downloads\\Proyecto ADN\\adn-ceiba-backend\\src\\infraestructura\\usuario\\usuario.module.ts","statementMap":{"0":{"start":{"line":1,"column":0},"end":{"line":1,"column":40}},"1":{"start":{"line":2,"column":0},"end":{"line":2,"column":71}},"2":{"start":{"line":3,"column":0},"end":{"line":3,"column":78}},"3":{"start":{"line":11,"column":0},"end":{"line":11,"column":null}},"4":{"start":{"line":11,"column":13},"end":{"line":11,"column":null}},"5":{"start":{"line":11,"column":13},"end":{"line":11,"column":26}}},"fnMap":{},"branchMap":{},"s":{"0":5,"1":5,"2":5,"3":5,"4":5,"5":5},"f":{},"b":{}}
,"C:\\Users\\david.cortes\\Downloads\\Proyecto ADN\\adn-ceiba-backend\\src\\infraestructura\\usuario\\adaptador\\dao\\dao-usuario-mysql.ts": {"path":"C:\\Users\\david.cortes\\Downloads\\Proyecto ADN\\adn-ceiba-backend\\src\\infraestructura\\usuario\\adaptador\\dao\\dao-usuario-mysql.ts","statementMap":{"0":{"start":{"line":1,"column":0},"end":{"line":1,"column":40}},"1":{"start":{"line":2,"column":0},"end":{"line":2,"column":54}},"2":{"start":{"line":3,"column":0},"end":{"line":3,"column":44}},"3":{"start":{"line":8,"column":0},"end":{"line":19,"column":null}},"4":{"start":{"line":11,"column":21},"end":{"line":11,"column":36}},"5":{"start":{"line":15,"column":4},"end":{"line":17,"column":6}},"6":{"start":{"line":8,"column":13},"end":{"line":19,"column":null}},"7":{"start":{"line":8,"column":13},"end":{"line":8,"column":28}}},"fnMap":{"0":{"name":"(anonymous_4)","decl":{"start":{"line":9,"column":2},"end":{"line":9,"column":null}},"loc":{"start":{"line":11,"column":49},"end":{"line":12,"column":6}}},"1":{"name":"(anonymous_5)","decl":{"start":{"line":14,"column":2},"end":{"line":14,"column":7}},"loc":{"start":{"line":14,"column":14},"end":{"line":18,"column":3}}}},"branchMap":{},"s":{"0":5,"1":5,"2":5,"3":5,"4":5,"5":1,"6":5,"7":5},"f":{"0":5,"1":1},"b":{}}
,"C:\\Users\\david.cortes\\Downloads\\Proyecto ADN\\adn-ceiba-backend\\src\\infraestructura\\usuario\\adaptador\\repositorio\\repositorio-usuario-mysql.ts": {"path":"C:\\Users\\david.cortes\\Downloads\\Proyecto ADN\\adn-ceiba-backend\\src\\infraestructura\\usuario\\adaptador\\repositorio\\repositorio-usuario-mysql.ts","statementMap":{"0":{"start":{"line":3,"column":0},"end":{"line":3,"column":51}},"1":{"start":{"line":4,"column":0},"end":{"line":4,"column":63}},"2":{"start":{"line":5,"column":0},"end":{"line":5,"column":37}},"3":{"start":{"line":6,"column":0},"end":{"line":6,"column":44}},"4":{"start":{"line":9,"column":0},"end":{"line":33,"column":null}},"5":{"start":{"line":12,"column":21},"end":{"line":12,"column":34}},"6":{"start":{"line":16,"column":4},"end":{"line":16,"column":58}},"7":{"start":{"line":20,"column":4},"end":{"line":20,"column":54}},"8":{"start":{"line":24,"column":20},"end":{"line":24,"column":40}},"9":{"start":{"line":25,"column":4},"end":{"line":25,"column":34}},"10":{"start":{"line":26,"column":4},"end":{"line":26,"column":36}},"11":{"start":{"line":27,"column":4},"end":{"line":27,"column":53}},"12":{"start":{"line":31,"column":4},"end":{"line":31,"column":38}},"13":{"start":{"line":9,"column":13},"end":{"line":33,"column":null}},"14":{"start":{"line":9,"column":13},"end":{"line":9,"column":36}}},"fnMap":{"0":{"name":"(anonymous_4)","decl":{"start":{"line":10,"column":2},"end":{"line":10,"column":null}},"loc":{"start":{"line":12,"column":60},"end":{"line":13,"column":6}}},"1":{"name":"(anonymous_5)","decl":{"start":{"line":15,"column":2},"end":{"line":15,"column":7}},"loc":{"start":{"line":15,"column":42},"end":{"line":17,"column":3}}},"2":{"name":"(anonymous_6)","decl":{"start":{"line":19,"column":2},"end":{"line":19,"column":7}},"loc":{"start":{"line":19,"column":34},"end":{"line":21,"column":3}}},"3":{"name":"(anonymous_7)","decl":{"start":{"line":23,"column":2},"end":{"line":23,"column":7}},"loc":{"start":{"line":23,"column":32},"end":{"line":28,"column":3}}},"4":{"name":"(anonymous_8)","decl":{"start":{"line":30,"column":2},"end":{"line":30,"column":7}},"loc":{"start":{"line":30,"column":27},"end":{"line":32,"column":3}}}},"branchMap":{},"s":{"0":5,"1":5,"2":5,"3":5,"4":5,"5":5,"6":3,"7":2,"8":2,"9":2,"10":2,"11":2,"12":2,"13":5,"14":5},"f":{"0":5,"1":3,"2":2,"3":2,"4":2},"b":{}}
,"C:\\Users\\david.cortes\\Downloads\\Proyecto ADN\\adn-ceiba-backend\\src\\infraestructura\\usuario\\controlador\\usuario.controlador.ts": {"path":"C:\\Users\\david.cortes\\Downloads\\Proyecto ADN\\adn-ceiba-backend\\src\\infraestructura\\usuario\\controlador\\usuario.controlador.ts","statementMap":{"0":{"start":{"line":1,"column":0},"end":{"line":1,"column":116}},"1":{"start":{"line":2,"column":0},"end":{"line":2,"column":99}},"2":{"start":{"line":3,"column":0},"end":{"line":3,"column":102}},"3":{"start":{"line":4,"column":0},"end":{"line":4,"column":99}},"4":{"start":{"line":6,"column":0},"end":{"line":6,"column":101}},"5":{"start":{"line":9,"column":0},"end":{"line":31,"column":null}},"6":{"start":{"line":11,"column":21},"end":{"line":11,"column":49}},"7":{"start":{"line":12,"column":21},"end":{"line":12,"column":48}},"8":{"start":{"line":13,"column":21},"end":{"line":13,"column":46}},"9":{"start":{"line":19,"column":4},"end":{"line":19,"column":77}},"10":{"start":{"line":24,"column":4},"end":{"line":24,"column":51}},"11":{"start":{"line":29,"column":4},"end":{"line":29,"column":59}},"12":{"start":{"line":18,"column":2},"end":{"line":20,"column":null}},"13":{"start":{"line":23,"column":2},"end":{"line":25,"column":null}},"14":{"start":{"line":28,"column":2},"end":{"line":30,"column":null}},"15":{"start":{"line":9,"column":13},"end":{"line":31,"column":null}},"16":{"start":{"line":9,"column":13},"end":{"line":9,"column":31}}},"fnMap":{"0":{"name":"(anonymous_4)","decl":{"start":{"line":10,"column":2},"end":{"line":10,"column":null}},"loc":{"start":{"line":13,"column":68},"end":{"line":14,"column":6}}},"1":{"name":"(anonymous_5)","decl":{"start":{"line":18,"column":2},"end":{"line":18,"column":7}},"loc":{"start":{"line":18,"column":70},"end":{"line":20,"column":3}}},"2":{"name":"(anonymous_6)","decl":{"start":{"line":23,"column":2},"end":{"line":23,"column":7}},"loc":{"start":{"line":23,"column":14},"end":{"line":25,"column":3}}},"3":{"name":"(anonymous_7)","decl":{"start":{"line":28,"column":2},"end":{"line":28,"column":7}},"loc":{"start":{"line":28,"column":54},"end":{"line":30,"column":3}}}},"branchMap":{},"s":{"0":5,"1":5,"2":5,"3":5,"4":5,"5":5,"6":5,"7":5,"8":5,"9":4,"10":1,"11":2,"12":5,"13":5,"14":5,"15":5,"16":5},"f":{"0":5,"1":4,"2":1,"3":2},"b":{}}
,"C:\\Users\\david.cortes\\Downloads\\Proyecto ADN\\adn-ceiba-backend\\src\\infraestructura\\usuario\\entidad\\usuario.entidad.ts": {"path":"C:\\Users\\david.cortes\\Downloads\\Proyecto ADN\\adn-ceiba-backend\\src\\infraestructura\\usuario\\entidad\\usuario.entidad.ts","statementMap":{"0":{"start":{"line":1,"column":0},"end":{"line":1,"column":101}},"1":{"start":{"line":4,"column":0},"end":{"line":19,"column":null}},"2":{"start":{"line":6,"column":2},"end":{"line":6,"column":null}},"3":{"start":{"line":9,"column":2},"end":{"line":9,"column":null}},"4":{"start":{"line":12,"column":2},"end":{"line":12,"column":null}},"5":{"start":{"line":15,"column":2},"end":{"line":15,"column":null}},"6":{"start":{"line":18,"column":2},"end":{"line":18,"column":null}},"7":{"start":{"line":4,"column":13},"end":{"line":19,"column":null}},"8":{"start":{"line":4,"column":13},"end":{"line":4,"column":27}}},"fnMap":{},"branchMap":{},"s":{"0":5,"1":5,"2":5,"3":5,"4":5,"5":5,"6":5,"7":5,"8":5},"f":{},"b":{}}
,"C:\\Users\\david.cortes\\Downloads\\Proyecto ADN\\adn-ceiba-backend\\src\\infraestructura\\usuario\\proveedor\\usuario-proveedor.module.ts": {"path":"C:\\Users\\david.cortes\\Downloads\\Proyecto ADN\\adn-ceiba-backend\\src\\infraestructura\\usuario\\proveedor\\usuario-proveedor.module.ts","statementMap":{"0":{"start":{"line":1,"column":0},"end":{"line":1,"column":40}},"1":{"start":{"line":2,"column":0},"end":{"line":2,"column":99}},"2":{"start":{"line":3,"column":0},"end":{"line":3,"column":96}},"3":{"start":{"line":4,"column":0},"end":{"line":4,"column":100}},"4":{"start":{"line":5,"column":0},"end":{"line":5,"column":89}},"5":{"start":{"line":6,"column":0},"end":{"line":6,"column":65}},"6":{"start":{"line":7,"column":0},"end":{"line":7,"column":102}},"7":{"start":{"line":8,"column":0},"end":{"line":8,"column":99}},"8":{"start":{"line":9,"column":0},"end":{"line":9,"column":72}},"9":{"start":{"line":10,"column":0},"end":{"line":10,"column":48}},"10":{"start":{"line":11,"column":0},"end":{"line":11,"column":60}},"11":{"start":{"line":12,"column":0},"end":{"line":12,"column":101}},"12":{"start":{"line":13,"column":0},"end":{"line":13,"column":97}},"13":{"start":{"line":14,"column":0},"end":{"line":14,"column":98}},"14":{"start":{"line":36,"column":0},"end":{"line":38,"column":null}},"15":{"start":{"line":36,"column":13},"end":{"line":38,"column":null}},"16":{"start":{"line":36,"column":13},"end":{"line":36,"column":35}}},"fnMap":{},"branchMap":{},"s":{"0":5,"1":5,"2":5,"3":5,"4":5,"5":5,"6":5,"7":5,"8":5,"9":5,"10":5,"11":5,"12":5,"13":5,"14":5,"15":5,"16":5},"f":{},"b":{}}
,"C:\\Users\\david.cortes\\Downloads\\Proyecto ADN\\adn-ceiba-backend\\src\\infraestructura\\usuario\\proveedor\\dao\\dao-usuario.proveedor.ts": {"path":"C:\\Users\\david.cortes\\Downloads\\Proyecto ADN\\adn-ceiba-backend\\src\\infraestructura\\usuario\\proveedor\\dao\\dao-usuario.proveedor.ts","statementMap":{"0":{"start":{"line":1,"column":0},"end":{"line":1,"column":72}},"1":{"start":{"line":2,"column":0},"end":{"line":2,"column":94}},"2":{"start":{"line":4,"column":13},"end":{"line":7,"column":2}}},"fnMap":{},"branchMap":{},"s":{"0":5,"1":5,"2":5},"f":{},"b":{}}
,"C:\\Users\\david.cortes\\Downloads\\Proyecto ADN\\adn-ceiba-backend\\src\\infraestructura\\usuario\\proveedor\\repositorio\\repositorio-usuario.proveedor.ts": {"path":"C:\\Users\\david.cortes\\Downloads\\Proyecto ADN\\adn-ceiba-backend\\src\\infraestructura\\usuario\\proveedor\\repositorio\\repositorio-usuario.proveedor.ts","statementMap":{"0":{"start":{"line":1,"column":0},"end":{"line":1,"column":96}},"1":{"start":{"line":2,"column":0},"end":{"line":2,"column":118}},"2":{"start":{"line":4,"column":13},"end":{"line":7,"column":2}}},"fnMap":{},"branchMap":{},"s":{"0":5,"1":5,"2":5},"f":{},"b":{}}
,"C:\\Users\\david.cortes\\Downloads\\Proyecto ADN\\adn-ceiba-backend\\src\\infraestructura\\usuario\\proveedor\\servicio\\servicio-eliminar-usuario.proveedor.ts": {"path":"C:\\Users\\david.cortes\\Downloads\\Proyecto ADN\\adn-ceiba-backend\\src\\infraestructura\\usuario\\proveedor\\servicio\\servicio-eliminar-usuario.proveedor.ts","statementMap":{"0":{"start":{"line":2,"column":0},"end":{"line":2,"column":97}},"1":{"start":{"line":5,"column":2},"end":{"line":5,"column":57}},"2":{"start":{"line":4,"column":0},"end":{"line":4,"column":16}}},"fnMap":{"0":{"name":"servicioEliminarUsuarioProveedor","decl":{"start":{"line":4,"column":16},"end":{"line":4,"column":48}},"loc":{"start":{"line":4,"column":87},"end":{"line":6,"column":1}}}},"branchMap":{},"s":{"0":5,"1":5,"2":5},"f":{"0":5},"b":{}}
,"C:\\Users\\david.cortes\\Downloads\\Proyecto ADN\\adn-ceiba-backend\\src\\infraestructura\\usuario\\proveedor\\servicio\\servicio-registrar-usuario.proveedor.ts": {"path":"C:\\Users\\david.cortes\\Downloads\\Proyecto ADN\\adn-ceiba-backend\\src\\infraestructura\\usuario\\proveedor\\servicio\\servicio-registrar-usuario.proveedor.ts","statementMap":{"0":{"start":{"line":2,"column":0},"end":{"line":2,"column":99}},"1":{"start":{"line":5,"column":2},"end":{"line":5,"column":58}},"2":{"start":{"line":4,"column":0},"end":{"line":4,"column":16}}},"fnMap":{"0":{"name":"servicioRegistrarUsuarioProveedor","decl":{"start":{"line":4,"column":16},"end":{"line":4,"column":49}},"loc":{"start":{"line":4,"column":88},"end":{"line":6,"column":1}}}},"branchMap":{},"s":{"0":5,"1":5,"2":5},"f":{"0":5},"b":{}}
,"C:\\Users\\david.cortes\\Downloads\\Proyecto ADN\\adn-ceiba-backend\\test\\util\\create-object.stub.ts": {"path":"C:\\Users\\david.cortes\\Downloads\\Proyecto ADN\\adn-ceiba-backend\\test\\util\\create-object.stub.ts","statementMap":{"0":{"start":{"line":1,"column":0},"end":{"line":1,"column":65}},"1":{"start":{"line":16,"column":2},"end":{"line":20,"column":null}},"2":{"start":{"line":17,"column":4},"end":{"line":17,"column":25}},"3":{"start":{"line":19,"column":4},"end":{"line":19,"column":null}},"4":{"start":{"line":21,"column":31},"end":{"line":21,"column":33}},"5":{"start":{"line":22,"column":3},"end":{"line":22,"column":86}},"6":{"start":{"line":22,"column":47},"end":{"line":22,"column":84}},"7":{"start":{"line":23,"column":2},"end":{"line":23,"column":25}},"8":{"start":{"line":14,"column":0},"end":{"line":14,"column":16}}},"fnMap":{"0":{"name":"createStubObj","decl":{"start":{"line":14,"column":16},"end":{"line":14,"column":29}},"loc":{"start":{"line":14,"column":92},"end":{"line":24,"column":1}}},"1":{"name":"(anonymous_1)","decl":{"start":{"line":22,"column":31},"end":{"line":22,"column":32}},"loc":{"start":{"line":22,"column":47},"end":{"line":22,"column":84}}}},"branchMap":{"0":{"loc":{"start":{"line":16,"column":2},"end":{"line":20,"column":null}},"type":"if","locations":[{"start":{"line":16,"column":2},"end":{"line":20,"column":null}},{"start":{"line":16,"column":2},"end":{"line":20,"column":null}}]}},"s":{"0":12,"1":29,"2":0,"3":29,"4":29,"5":29,"6":71,"7":29,"8":12},"f":{"0":29,"1":71},"b":{"0":[0,29]}}
}
