TN:
SF:dist\infraestructura\migraciones\1640715600437-MigracionTesting.js
FN:4,(anonymous_0)
FN:7,(anonymous_1)
FN:17,(anonymous_2)
FNF:3
FNH:1
FNDA:5,(anonymous_0)
FNDA:0,(anonymous_1)
FNDA:0,(anonymous_2)
DA:2,5
DA:5,5
DA:8,0
DA:9,0
DA:10,0
DA:11,0
DA:12,0
DA:13,0
DA:14,0
DA:15,0
DA:18,0
DA:19,0
DA:20,0
DA:21,0
DA:22,0
DA:23,0
DA:24,0
DA:25,0
DA:28,5
LF:19
LH:3
BRF:0
BRH:0
end_of_record
TN:
SF:dist\infraestructura\migraciones\1642024392178-MigracionTesting.js
FN:4,(anonymous_0)
FN:7,(anonymous_1)
FN:11,(anonymous_2)
FNF:3
FNH:1
FNDA:5,(anonymous_0)
FNDA:0,(anonymous_1)
FNDA:0,(anonymous_2)
DA:2,5
DA:5,5
DA:8,0
DA:9,0
DA:12,0
DA:13,0
DA:16,5
LF:7
LH:3
BRF:0
BRH:0
end_of_record
TN:
SF:dist\infraestructura\pedido\entidad\pedido.entidad.js
FN:2,(anonymous_0)
FN:8,(anonymous_1)
FN:25,(anonymous_2)
FN:25,(anonymous_3)
FNF:4
FNH:4
FNDA:55,(anonymous_0)
FNDA:50,(anonymous_1)
FNDA:5,(anonymous_2)
FNDA:5,(anonymous_3)
DA:2,5
DA:3,55
DA:4,55
DA:5,0
DA:6,55
DA:8,5
DA:9,50
DA:11,5
DA:12,5
DA:13,5
DA:14,5
DA:16,5
DA:20,5
DA:24,5
DA:25,5
DA:33,5
DA:37,5
DA:41,5
DA:45,5
DA:49,5
DA:53,5
DA:57,5
DA:61,5
DA:64,5
LF:24
LH:23
BRDA:2,0,0,5
BRDA:2,0,1,5
BRDA:2,0,2,5
BRDA:3,1,0,5
BRDA:3,1,1,50
BRDA:3,2,0,0
BRDA:3,2,1,50
BRDA:4,3,0,55
BRDA:4,3,1,0
BRDA:4,4,0,55
BRDA:4,4,1,55
BRDA:5,5,0,0
BRDA:5,5,1,0
BRDA:5,6,0,0
BRDA:5,6,1,0
BRDA:5,7,0,0
BRDA:5,7,1,0
BRDA:5,8,0,0
BRDA:5,8,1,0
BRDA:6,9,0,55
BRDA:6,9,1,50
BRDA:6,9,2,0
BRDA:8,10,0,5
BRDA:8,10,1,5
BRDA:8,10,2,5
BRDA:9,11,0,50
BRDA:9,11,1,0
BRDA:9,12,0,50
BRDA:9,12,1,50
BRF:29
BRH:17
end_of_record
TN:
SF:dist\infraestructura\producto-solicitado\entidad\producto-solicitado.entidad.js
FN:2,(anonymous_0)
FN:8,(anonymous_1)
FN:21,(anonymous_2)
FN:21,(anonymous_3)
FNF:4
FNH:4
FNDA:55,(anonymous_0)
FNDA:50,(anonymous_1)
FNDA:5,(anonymous_2)
FNDA:5,(anonymous_3)
DA:2,5
DA:3,55
DA:4,55
DA:5,0
DA:6,55
DA:8,5
DA:9,50
DA:11,5
DA:12,5
DA:13,5
DA:14,5
DA:16,5
DA:20,5
DA:21,5
DA:28,5
DA:32,5
DA:36,5
DA:40,5
DA:44,5
DA:48,5
DA:52,5
DA:56,5
DA:60,5
DA:63,5
LF:24
LH:23
BRDA:2,0,0,5
BRDA:2,0,1,5
BRDA:2,0,2,5
BRDA:3,1,0,5
BRDA:3,1,1,50
BRDA:3,2,0,0
BRDA:3,2,1,50
BRDA:4,3,0,55
BRDA:4,3,1,0
BRDA:4,4,0,55
BRDA:4,4,1,55
BRDA:5,5,0,0
BRDA:5,5,1,0
BRDA:5,6,0,0
BRDA:5,6,1,0
BRDA:5,7,0,0
BRDA:5,7,1,0
BRDA:5,8,0,0
BRDA:5,8,1,0
BRDA:6,9,0,55
BRDA:6,9,1,50
BRDA:6,9,2,0
BRDA:8,10,0,5
BRDA:8,10,1,5
BRDA:8,10,2,5
BRDA:9,11,0,50
BRDA:9,11,1,0
BRDA:9,12,0,50
BRDA:9,12,1,50
BRF:29
BRH:17
end_of_record
TN:
SF:dist\infraestructura\producto\entidad\producto.entidad.js
FN:2,(anonymous_0)
FN:8,(anonymous_1)
FNF:2
FNH:2
FNDA:40,(anonymous_0)
FNDA:35,(anonymous_1)
DA:2,5
DA:3,40
DA:4,40
DA:5,0
DA:6,40
DA:8,5
DA:9,35
DA:11,5
DA:12,5
DA:13,5
DA:15,5
DA:19,5
DA:23,5
DA:27,5
DA:31,5
DA:35,5
DA:39,5
DA:43,5
DA:46,5
LF:19
LH:18
BRDA:2,0,0,5
BRDA:2,0,1,5
BRDA:2,0,2,5
BRDA:3,1,0,5
BRDA:3,1,1,35
BRDA:3,2,0,0
BRDA:3,2,1,35
BRDA:4,3,0,40
BRDA:4,3,1,0
BRDA:4,4,0,40
BRDA:4,4,1,40
BRDA:5,5,0,0
BRDA:5,5,1,0
BRDA:5,6,0,0
BRDA:5,6,1,0
BRDA:5,7,0,0
BRDA:5,7,1,0
BRDA:5,8,0,0
BRDA:5,8,1,0
BRDA:6,9,0,40
BRDA:6,9,1,35
BRDA:6,9,2,0
BRDA:8,10,0,5
BRDA:8,10,1,5
BRDA:8,10,2,5
BRDA:9,11,0,35
BRDA:9,11,1,0
BRDA:9,12,0,35
BRDA:9,12,1,35
BRF:29
BRH:17
end_of_record
TN:
SF:dist\infraestructura\productos-por-pedido\entidad\productos-por-pedido.entidad.js
FN:2,(anonymous_0)
FN:8,(anonymous_1)
FN:22,(anonymous_2)
FN:22,(anonymous_3)
FN:29,(anonymous_4)
FNF:5
FNH:5
FNDA:35,(anonymous_0)
FNDA:30,(anonymous_1)
FNDA:5,(anonymous_2)
FNDA:5,(anonymous_3)
FNDA:5,(anonymous_4)
DA:2,5
DA:3,35
DA:4,35
DA:5,0
DA:6,35
DA:8,5
DA:9,30
DA:11,5
DA:12,5
DA:13,5
DA:14,5
DA:15,5
DA:17,5
DA:21,5
DA:22,5
DA:28,5
DA:29,5
DA:37,5
DA:41,5
DA:45,5
DA:49,5
DA:52,5
LF:22
LH:21
BRDA:2,0,0,5
BRDA:2,0,1,5
BRDA:2,0,2,5
BRDA:3,1,0,5
BRDA:3,1,1,30
BRDA:3,2,0,0
BRDA:3,2,1,30
BRDA:4,3,0,35
BRDA:4,3,1,0
BRDA:4,4,0,35
BRDA:4,4,1,35
BRDA:5,5,0,0
BRDA:5,5,1,0
BRDA:5,6,0,0
BRDA:5,6,1,0
BRDA:5,7,0,0
BRDA:5,7,1,0
BRDA:5,8,0,0
BRDA:5,8,1,0
BRDA:6,9,0,35
BRDA:6,9,1,30
BRDA:6,9,2,0
BRDA:8,10,0,5
BRDA:8,10,1,5
BRDA:8,10,2,5
BRDA:9,11,0,30
BRDA:9,11,1,0
BRDA:9,12,0,30
BRDA:9,12,1,30
BRF:29
BRH:17
end_of_record
TN:
SF:dist\infraestructura\usuario\entidad\usuario.entidad.js
FN:2,(anonymous_0)
FN:8,(anonymous_1)
FNF:2
FNH:2
FNDA:30,(anonymous_0)
FNDA:25,(anonymous_1)
DA:2,5
DA:3,30
DA:4,30
DA:5,0
DA:6,30
DA:8,5
DA:9,25
DA:11,5
DA:12,5
DA:13,5
DA:15,5
DA:19,5
DA:23,5
DA:27,5
DA:31,5
DA:35,5
DA:38,5
LF:17
LH:16
BRDA:2,0,0,5
BRDA:2,0,1,5
BRDA:2,0,2,5
BRDA:3,1,0,5
BRDA:3,1,1,25
BRDA:3,2,0,0
BRDA:3,2,1,25
BRDA:4,3,0,30
BRDA:4,3,1,0
BRDA:4,4,0,30
BRDA:4,4,1,30
BRDA:5,5,0,0
BRDA:5,5,1,0
BRDA:5,6,0,0
BRDA:5,6,1,0
BRDA:5,7,0,0
BRDA:5,7,1,0
BRDA:5,8,0,0
BRDA:5,8,1,0
BRDA:6,9,0,30
BRDA:6,9,1,25
BRDA:6,9,2,0
BRDA:8,10,0,5
BRDA:8,10,1,5
BRDA:8,10,2,5
BRDA:9,11,0,25
BRDA:9,11,1,0
BRDA:9,12,0,25
BRDA:9,12,1,25
BRF:29
BRH:17
end_of_record
TN:
SF:src\app.module.ts
FNF:0
FNH:0
DA:1,5
DA:2,5
DA:7,5
LF:3
LH:3
BRF:0
BRH:0
end_of_record
TN:
SF:src\aplicacion\pedido\comando\eliminar-pedido.manejador.ts
FN:7,(anonymous_2)
FN:9,(anonymous_3)
FNF:2
FNH:2
FNDA:5,(anonymous_2)
FNDA:4,(anonymous_3)
DA:1,5
DA:2,5
DA:6,5
DA:7,5
DA:10,4
LF:5
LH:5
BRF:0
BRH:0
end_of_record
TN:
SF:src\aplicacion\pedido\comando\modificar-pedido.manejador.ts
FN:7,(anonymous_2)
FN:9,(anonymous_3)
FNF:2
FNH:2
FNDA:5,(anonymous_2)
FNDA:3,(anonymous_3)
DA:1,5
DA:2,5
DA:6,5
DA:7,5
DA:10,3
LF:5
LH:5
BRF:0
BRH:0
end_of_record
TN:
SF:src\aplicacion\pedido\comando\registar-pedido.manejador.ts
FN:8,(anonymous_2)
FN:10,(anonymous_3)
FNF:2
FNH:2
FNDA:5,(anonymous_2)
FNDA:4,(anonymous_3)
DA:1,5
DA:2,5
DA:4,5
DA:7,5
DA:8,5
DA:11,4
LF:6
LH:6
BRF:0
BRH:0
end_of_record
TN:
SF:src\aplicacion\pedido\comando\registrar-pedido.comando.ts
FNF:0
FNH:0
DA:2,5
DA:3,5
DA:5,5
DA:7,5
DA:11,5
DA:14,5
DA:18,5
DA:22,5
DA:26,5
DA:29,5
DA:32,5
DA:35,5
DA:38,5
LF:13
LH:13
BRF:0
BRH:0
end_of_record
TN:
SF:src\aplicacion\pedido\consulta\listar-pedidos.manejador.ts
FN:7,(anonymous_2)
FN:9,(anonymous_3)
FN:11,(anonymous_4)
FNF:3
FNH:3
FNDA:5,(anonymous_2)
FNDA:1,(anonymous_3)
FNDA:1,(anonymous_4)
DA:1,5
DA:2,5
DA:6,5
DA:7,5
DA:10,1
DA:11,1
LF:6
LH:6
BRF:0
BRH:0
end_of_record
TN:
SF:src\aplicacion\pedido\consulta\obtener-pedido.manejador.ts
FN:7,(anonymous_2)
FN:9,(anonymous_3)
FNF:2
FNH:2
FNDA:5,(anonymous_2)
FNDA:1,(anonymous_3)
DA:1,5
DA:2,5
DA:6,5
DA:7,5
DA:10,1
LF:5
LH:5
BRF:0
BRH:0
end_of_record
TN:
SF:src\aplicacion\pedido\consulta\obtener-pedidos-por-estado.manejador.ts
FN:7,(anonymous_2)
FN:9,(anonymous_3)
FNF:2
FNH:2
FNDA:5,(anonymous_2)
FNDA:1,(anonymous_3)
DA:1,5
DA:2,5
DA:6,5
DA:7,5
DA:10,1
LF:5
LH:5
BRF:0
BRH:0
end_of_record
TN:
SF:src\aplicacion\producto-solicitado\comando\eliminar-producto-solicitado.manejador.ts
FN:7,(anonymous_2)
FN:9,(anonymous_3)
FNF:2
FNH:2
FNDA:5,(anonymous_2)
FNDA:3,(anonymous_3)
DA:1,5
DA:2,5
DA:6,5
DA:7,5
DA:10,3
LF:5
LH:5
BRF:0
BRH:0
end_of_record
TN:
SF:src\aplicacion\producto-solicitado\comando\registar-producto-solicitado.manejador.ts
FN:9,(anonymous_2)
FN:14,(anonymous_3)
FNF:2
FNH:2
FNDA:5,(anonymous_2)
FNDA:4,(anonymous_3)
DA:1,5
DA:2,5
DA:3,5
DA:5,5
DA:8,5
DA:10,5
DA:11,5
DA:15,4
DA:16,4
DA:17,4
LF:10
LH:10
BRF:0
BRH:0
end_of_record
TN:
SF:src\aplicacion\producto-solicitado\comando\registrar-producto-solicitado.comando.ts
FNF:0
FNH:0
DA:1,5
DA:2,5
DA:3,5
DA:5,5
DA:8,5
DA:12,5
DA:16,5
DA:20,5
DA:28,5
DA:32,5
DA:35,5
DA:38,5
DA:41,5
DA:44,5
LF:14
LH:14
BRF:0
BRH:0
end_of_record
TN:
SF:src\aplicacion\producto-solicitado\consulta\listar-productos-solicitados.manejador.ts
FN:7,(anonymous_2)
FN:9,(anonymous_3)
FNF:2
FNH:2
FNDA:5,(anonymous_2)
FNDA:1,(anonymous_3)
DA:1,5
DA:2,5
DA:6,5
DA:7,5
DA:10,1
LF:5
LH:5
BRF:0
BRH:0
end_of_record
TN:
SF:src\aplicacion\producto-solicitado\consulta\obtener-producto-solicitado.manejador.ts
FN:7,(anonymous_2)
FN:9,(anonymous_3)
FNF:2
FNH:2
FNDA:5,(anonymous_2)
FNDA:1,(anonymous_3)
DA:1,5
DA:2,5
DA:6,5
DA:7,5
DA:10,1
LF:5
LH:5
BRF:0
BRH:0
end_of_record
TN:
SF:src\aplicacion\producto\comando\eliminar-producto.manejador.ts
FN:7,(anonymous_2)
FN:9,(anonymous_3)
FNF:2
FNH:2
FNDA:5,(anonymous_2)
FNDA:6,(anonymous_3)
DA:1,5
DA:2,5
DA:6,5
DA:7,5
DA:10,6
LF:5
LH:5
BRF:0
BRH:0
end_of_record
TN:
SF:src\aplicacion\producto\comando\modificar-producto.manejador.ts
FN:7,(anonymous_2)
FN:9,(anonymous_3)
FNF:2
FNH:2
FNDA:5,(anonymous_2)
FNDA:3,(anonymous_3)
DA:1,5
DA:2,5
DA:6,5
DA:7,5
DA:10,3
LF:5
LH:5
BRF:0
BRH:0
end_of_record
TN:
SF:src\aplicacion\producto\comando\registar-producto.manejador.ts
FN:8,(anonymous_2)
FN:10,(anonymous_3)
FNF:2
FNH:2
FNDA:5,(anonymous_2)
FNDA:7,(anonymous_3)
DA:1,5
DA:2,5
DA:4,5
DA:7,5
DA:8,5
DA:11,7
LF:6
LH:6
BRF:0
BRH:0
end_of_record
TN:
SF:src\aplicacion\producto\comando\registrar-producto.comando.ts
FNF:0
FNH:0
DA:1,5
DA:2,5
DA:4,5
DA:7,5
DA:11,5
DA:14,5
DA:18,5
DA:22,5
DA:25,5
DA:28,5
LF:10
LH:10
BRF:0
BRH:0
end_of_record
TN:
SF:src\aplicacion\producto\consulta\listar-productos.manejador.ts
FN:7,(anonymous_2)
FN:9,(anonymous_3)
FNF:2
FNH:2
FNDA:5,(anonymous_2)
FNDA:2,(anonymous_3)
DA:1,5
DA:2,5
DA:6,5
DA:7,5
DA:10,2
LF:5
LH:5
BRF:0
BRH:0
end_of_record
TN:
SF:src\aplicacion\producto\consulta\obtener-producto.manejador.ts
FN:7,(anonymous_2)
FN:9,(anonymous_3)
FNF:2
FNH:2
FNDA:5,(anonymous_2)
FNDA:2,(anonymous_3)
DA:1,5
DA:2,5
DA:6,5
DA:7,5
DA:10,2
LF:5
LH:5
BRF:0
BRH:0
end_of_record
TN:
SF:src\aplicacion\productos-por-pedido\comando\eliminar-productos-por-pedido.manejador.ts
FN:7,(anonymous_2)
FN:9,(anonymous_3)
FNF:2
FNH:2
FNDA:5,(anonymous_2)
FNDA:2,(anonymous_3)
DA:1,5
DA:2,5
DA:6,5
DA:7,5
DA:10,2
LF:5
LH:5
BRF:0
BRH:0
end_of_record
TN:
SF:src\aplicacion\productos-por-pedido\comando\modificar-productos-por-pedido.manejador.ts
FN:7,(anonymous_2)
FN:9,(anonymous_3)
FNF:2
FNH:2
FNDA:5,(anonymous_2)
FNDA:3,(anonymous_3)
DA:1,5
DA:2,5
DA:6,5
DA:7,5
DA:10,3
LF:5
LH:5
BRF:0
BRH:0
end_of_record
TN:
SF:src\aplicacion\productos-por-pedido\comando\registar-productos-por-pedido.manejador.ts
FN:9,(anonymous_2)
FN:14,(anonymous_3)
FNF:2
FNH:2
FNDA:5,(anonymous_2)
FNDA:2,(anonymous_3)
DA:1,5
DA:2,5
DA:3,5
DA:5,5
DA:8,5
DA:10,5
DA:11,5
DA:16,2
DA:17,2
DA:19,2
LF:10
LH:10
BRF:0
BRH:0
end_of_record
TN:
SF:src\aplicacion\productos-por-pedido\comando\registrar-productos-por-pedido.comando.ts
FNF:0
FNH:0
DA:1,5
DA:2,5
DA:3,5
DA:4,5
DA:6,5
DA:8,5
DA:11,5
DA:14,5
DA:18,5
DA:21,5
DA:24,5
LF:11
LH:11
BRF:0
BRH:0
end_of_record
TN:
SF:src\aplicacion\productos-por-pedido\consulta\listar-productos-por-pedido.manejador.ts
FN:7,(anonymous_2)
FN:9,(anonymous_3)
FNF:2
FNH:2
FNDA:5,(anonymous_2)
FNDA:1,(anonymous_3)
DA:1,5
DA:2,5
DA:6,5
DA:7,5
DA:10,1
LF:5
LH:5
BRF:0
BRH:0
end_of_record
TN:
SF:src\aplicacion\productos-por-pedido\consulta\obtener-producto-por-pedido.manejador.ts
FN:7,(anonymous_2)
FN:9,(anonymous_3)
FNF:2
FNH:2
FNDA:5,(anonymous_2)
FNDA:1,(anonymous_3)
DA:1,5
DA:2,5
DA:6,5
DA:7,5
DA:10,1
LF:5
LH:5
BRF:0
BRH:0
end_of_record
TN:
SF:src\aplicacion\usuario\comando\eliminar-usuario.manejador.ts
FN:7,(anonymous_2)
FN:9,(anonymous_3)
FNF:2
FNH:2
FNDA:5,(anonymous_2)
FNDA:2,(anonymous_3)
DA:1,5
DA:2,5
DA:6,5
DA:7,5
DA:10,2
LF:5
LH:5
BRF:0
BRH:0
end_of_record
TN:
SF:src\aplicacion\usuario\comando\registar-usuario.manejador.ts
FN:8,(anonymous_2)
FN:10,(anonymous_3)
FNF:2
FNH:2
FNDA:5,(anonymous_2)
FNDA:4,(anonymous_3)
DA:1,5
DA:2,5
DA:4,5
DA:7,5
DA:8,5
DA:11,4
LF:6
LH:6
BRF:0
BRH:0
end_of_record
TN:
SF:src\aplicacion\usuario\comando\registrar-usuario.comando.ts
FNF:0
FNH:0
DA:1,5
DA:2,5
DA:4,5
DA:7,5
DA:11,5
LF:5
LH:5
BRF:0
BRH:0
end_of_record
TN:
SF:src\aplicacion\usuario\consulta\listar-usuarios.manejador.ts
FN:7,(anonymous_2)
FN:9,(anonymous_3)
FNF:2
FNH:2
FNDA:5,(anonymous_2)
FNDA:1,(anonymous_3)
DA:1,5
DA:2,5
DA:6,5
DA:7,5
DA:10,1
LF:5
LH:5
BRF:0
BRH:0
end_of_record
TN:
SF:src\dominio\errores\error-de-negocio.ts
FN:2,(anonymous_0)
FNF:1
FNH:1
FNDA:42,(anonymous_0)
DA:1,22
DA:3,42
DA:4,42
LF:3
LH:3
BRDA:4,0,0,42
BRDA:4,0,1,26
BRF:2
BRH:2
end_of_record
TN:
SF:src\dominio\errores\error-imagen-invalida.ts
FN:4,(anonymous_0)
FNF:1
FNH:1
FNDA:7,(anonymous_0)
DA:1,12
DA:3,12
DA:5,7
LF:3
LH:3
BRF:0
BRH:0
end_of_record
TN:
SF:src\dominio\errores\error-longitud-invalida.ts
FN:4,(anonymous_0)
FNF:1
FNH:1
FNDA:3,(anonymous_0)
DA:1,7
DA:3,7
DA:5,3
LF:3
LH:3
BRF:0
BRH:0
end_of_record
TN:
SF:src\dominio\errores\error-propiedades-faltantes.ts
FN:4,(anonymous_0)
FNF:1
FNH:1
FNDA:6,(anonymous_0)
DA:1,10
DA:3,10
DA:5,6
LF:3
LH:3
BRF:0
BRH:0
end_of_record
TN:
SF:src\dominio\pedido\modelo\pedido.ts
FN:14,(anonymous_2)
FN:38,(anonymous_3)
FN:43,(anonymous_4)
FN:54,(anonymous_5)
FN:58,(anonymous_6)
FN:62,(anonymous_7)
FN:66,(anonymous_8)
FN:70,(anonymous_9)
FN:74,(anonymous_10)
FN:78,(anonymous_11)
FN:82,(anonymous_12)
FN:86,(anonymous_13)
FN:90,(anonymous_14)
FN:94,(anonymous_15)
FN:98,(anonymous_16)
FNF:15
FNH:13
FNDA:12,(anonymous_2)
FNDA:8,(anonymous_3)
FNDA:1,(anonymous_4)
FNDA:6,(anonymous_5)
FNDA:12,(anonymous_6)
FNDA:4,(anonymous_7)
FNDA:4,(anonymous_8)
FNDA:4,(anonymous_9)
FNDA:4,(anonymous_10)
FNDA:8,(anonymous_11)
FNDA:0,(anonymous_12)
FNDA:8,(anonymous_13)
FNDA:0,(anonymous_14)
FNDA:1,(anonymous_15)
FNDA:1,(anonymous_16)
DA:2,10
DA:3,12
DA:4,12
DA:5,12
DA:6,12
DA:7,12
DA:8,12
DA:9,12
DA:10,12
DA:11,12
DA:12,12
DA:26,12
DA:27,12
DA:28,12
DA:29,12
DA:30,12
DA:31,12
DA:32,12
DA:33,12
DA:34,12
DA:35,12
DA:39,8
DA:40,8
DA:41,8
DA:43,8
DA:44,1
DA:45,1
DA:46,1
DA:47,1
DA:50,8
DA:51,8
DA:55,6
DA:59,12
DA:63,4
DA:67,4
DA:71,4
DA:75,4
DA:79,8
DA:83,0
DA:87,8
DA:91,0
DA:95,1
DA:99,1
LF:43
LH:41
BRDA:39,0,0,8
BRDA:39,0,1,0
BRF:2
BRH:1
end_of_record
TN:
SF:src\dominio\pedido\puerto\dao\dao-pedido.ts
FNF:0
FNH:0
DA:3,5
LF:1
LH:1
BRF:0
BRH:0
end_of_record
TN:
SF:src\dominio\pedido\puerto\repositorio\repositorio-pedido.ts
FNF:0
FNH:0
DA:3,5
LF:1
LH:1
BRF:0
BRH:0
end_of_record
TN:
SF:src\dominio\pedido\servicio\servicio-eliminar-pedido.ts
FN:6,(anonymous_0)
FN:9,(anonymous_1)
FNF:2
FNH:2
FNDA:7,(anonymous_0)
FNDA:6,(anonymous_1)
DA:2,6
DA:4,6
DA:6,7
DA:10,6
DA:11,2
DA:15,4
LF:6
LH:6
BRDA:10,0,0,2
BRDA:10,0,1,4
BRF:2
BRH:2
end_of_record
TN:
SF:src\dominio\pedido\servicio\servicio-modificar-pedido.ts
FN:6,(anonymous_0)
FN:9,(anonymous_1)
FNF:2
FNH:2
FNDA:8,(anonymous_0)
FNDA:6,(anonymous_1)
DA:2,6
DA:4,6
DA:6,8
DA:10,6
DA:11,2
DA:16,4
DA:17,2
DA:22,2
LF:8
LH:8
BRDA:10,0,0,2
BRDA:10,0,1,4
BRDA:16,1,0,2
BRDA:16,1,1,2
BRF:4
BRH:4
end_of_record
TN:
SF:src\dominio\pedido\servicio\servicio-registrar-pedido.ts
FN:7,(anonymous_0)
FN:10,(anonymous_1)
FNF:2
FNH:2
FNDA:7,(anonymous_0)
FNDA:6,(anonymous_1)
DA:3,6
DA:5,6
DA:7,7
DA:11,6
DA:12,2
DA:16,4
DA:17,4
LF:7
LH:7
BRDA:11,0,0,2
BRDA:11,0,1,4
BRF:2
BRH:2
end_of_record
TN:
SF:src\dominio\producto-solicitado\modelo\producto-solicitado.ts
FN:17,(anonymous_2)
FN:42,(anonymous_3)
FN:55,(anonymous_4)
FN:120,(anonymous_5)
FN:124,(anonymous_6)
FN:128,(anonymous_7)
FN:132,(anonymous_8)
FN:136,(anonymous_9)
FN:140,(anonymous_10)
FN:144,(anonymous_11)
FN:148,(anonymous_12)
FN:152,(anonymous_13)
FN:156,(anonymous_14)
FN:160,(anonymous_15)
FN:164,(anonymous_16)
FNF:15
FNH:13
FNDA:15,(anonymous_2)
FNDA:15,(anonymous_3)
FNDA:6,(anonymous_4)
FNDA:15,(anonymous_5)
FNDA:4,(anonymous_6)
FNDA:5,(anonymous_7)
FNDA:5,(anonymous_8)
FNDA:5,(anonymous_9)
FNDA:5,(anonymous_10)
FNDA:7,(anonymous_11)
FNDA:0,(anonymous_12)
FNDA:7,(anonymous_13)
FNDA:0,(anonymous_14)
FNDA:1,(anonymous_15)
FNDA:1,(anonymous_16)
DA:2,10
DA:4,10
DA:5,10
DA:6,15
DA:7,15
DA:8,15
DA:9,15
DA:10,15
DA:11,15
DA:12,15
DA:13,15
DA:14,15
DA:15,15
DA:29,15
DA:30,12
DA:31,12
DA:32,12
DA:33,12
DA:34,12
DA:35,12
DA:36,12
DA:37,12
DA:38,12
DA:39,12
DA:43,15
DA:49,3
DA:57,6
DA:58,6
DA:59,6
DA:60,6
DA:61,6
DA:63,6
DA:64,6
DA:65,6
DA:66,6
DA:67,6
DA:68,6
DA:69,6
DA:70,6
DA:71,6
DA:72,6
DA:73,6
DA:74,6
DA:75,6
DA:76,6
DA:77,6
DA:79,6
DA:80,4
DA:81,4
DA:83,6
DA:85,0
DA:86,0
DA:89,2
DA:90,2
DA:93,2
DA:94,2
DA:97,2
DA:99,6
DA:100,3
DA:101,3
DA:103,6
DA:104,1
DA:105,1
DA:107,6
DA:108,3
DA:109,3
DA:111,6
DA:112,1
DA:115,6
DA:116,6
DA:121,15
DA:125,4
DA:129,5
DA:133,5
DA:137,5
DA:141,5
DA:145,7
DA:149,0
DA:153,7
DA:157,0
DA:161,1
DA:165,1
LF:82
LH:78
BRDA:43,0,0,3
BRDA:43,0,1,12
BRDA:44,1,0,15
BRDA:44,1,1,14
BRDA:44,1,2,13
BRDA:44,1,3,13
BRDA:79,2,0,4
BRDA:79,2,1,2
BRDA:84,3,0,0
BRDA:84,3,1,2
BRDA:84,3,2,2
BRDA:84,3,3,2
BRDA:99,4,0,3
BRDA:99,4,1,3
BRDA:103,5,0,1
BRDA:103,5,1,5
BRDA:107,6,0,3
BRDA:107,6,1,3
BRDA:111,7,0,1
BRDA:111,7,1,5
BRF:20
BRH:19
end_of_record
TN:
SF:src\dominio\producto-solicitado\puerto\dao\dao-producto-solicitado.ts
FNF:0
FNH:0
DA:3,5
LF:1
LH:1
BRF:0
BRH:0
end_of_record
TN:
SF:src\dominio\producto-solicitado\puerto\repositorio\repositorio-producto-solicitado.ts
FNF:0
FNH:0
DA:3,5
LF:1
LH:1
BRF:0
BRH:0
end_of_record
TN:
SF:src\dominio\producto-solicitado\servicio\servicio-eliminar-producto-solicitado.ts
FN:6,(anonymous_0)
FN:9,(anonymous_1)
FNF:2
FNH:2
FNDA:7,(anonymous_0)
FNDA:5,(anonymous_1)
DA:2,6
DA:4,6
DA:6,7
DA:10,5
DA:11,2
DA:15,3
LF:6
LH:6
BRDA:10,0,0,2
BRDA:10,0,1,3
BRF:2
BRH:2
end_of_record
TN:
SF:src\dominio\producto-solicitado\servicio\servicio-registrar-producto-solicitado.ts
FN:5,(anonymous_0)
FN:8,(anonymous_1)
FNF:2
FNH:2
FNDA:7,(anonymous_0)
FNDA:6,(anonymous_1)
DA:4,6
DA:5,7
DA:9,6
DA:10,6
DA:11,2
DA:13,4
LF:6
LH:6
BRDA:10,0,0,2
BRDA:10,0,1,4
BRDA:10,1,0,6
BRDA:10,1,1,3
BRF:4
BRH:4
end_of_record
TN:
SF:src\dominio\producto\modelo\producto.ts
FN:11,(anonymous_2)
FN:22,(anonymous_3)
FN:35,(anonymous_4)
FN:39,(anonymous_5)
FN:43,(anonymous_6)
FN:47,(anonymous_7)
FN:51,(anonymous_8)
FN:55,(anonymous_9)
FN:59,(anonymous_10)
FNF:9
FNH:9
FNDA:23,(anonymous_2)
FNDA:23,(anonymous_3)
FNDA:4,(anonymous_4)
FNDA:17,(anonymous_5)
FNDA:7,(anonymous_6)
FNDA:13,(anonymous_7)
FNDA:13,(anonymous_8)
FNDA:1,(anonymous_9)
FNDA:1,(anonymous_10)
DA:1,12
DA:2,12
DA:3,23
DA:4,23
DA:5,23
DA:6,23
DA:7,23
DA:8,23
DA:9,23
DA:12,23
DA:13,19
DA:14,19
DA:15,19
DA:16,19
DA:17,19
DA:18,19
DA:19,19
DA:23,23
DA:29,4
DA:36,4
DA:40,17
DA:44,7
DA:48,13
DA:52,13
DA:56,1
DA:60,1
LF:26
LH:26
BRDA:15,0,0,19
BRDA:15,0,1,2
BRDA:23,1,0,4
BRDA:23,1,1,19
BRDA:24,2,0,23
BRDA:24,2,1,21
BRDA:24,2,2,5
BRDA:24,2,3,4
BRF:8
BRH:8
end_of_record
TN:
SF:src\dominio\producto\puerto\dao\dao-producto.ts
FNF:0
FNH:0
DA:3,5
LF:1
LH:1
BRF:0
BRH:0
end_of_record
TN:
SF:src\dominio\producto\puerto\repositorio\repositorio-producto.ts
FNF:0
FNH:0
DA:3,5
LF:1
LH:1
BRF:0
BRH:0
end_of_record
TN:
SF:src\dominio\producto\servicio\servicio-eliminar-producto.ts
FN:6,(anonymous_0)
FN:9,(anonymous_1)
FNF:2
FNH:2
FNDA:7,(anonymous_0)
FNDA:8,(anonymous_1)
DA:2,6
DA:4,6
DA:6,7
DA:10,8
DA:11,2
DA:15,6
LF:6
LH:6
BRDA:10,0,0,2
BRDA:10,0,1,6
BRF:2
BRH:2
end_of_record
TN:
SF:src\dominio\producto\servicio\servicio-modificar-producto.ts
FN:6,(anonymous_0)
FN:9,(anonymous_1)
FNF:2
FNH:2
FNDA:8,(anonymous_0)
FNDA:6,(anonymous_1)
DA:2,6
DA:4,6
DA:6,8
DA:10,6
DA:11,2
DA:16,4
DA:17,2
DA:22,2
LF:8
LH:8
BRDA:10,0,0,2
BRDA:10,0,1,4
BRDA:16,1,0,2
BRDA:16,1,1,2
BRF:4
BRH:4
end_of_record
TN:
SF:src\dominio\producto\servicio\servicio-registrar-producto.ts
FN:7,(anonymous_0)
FN:10,(anonymous_1)
FNF:2
FNH:2
FNDA:7,(anonymous_0)
FNDA:8,(anonymous_1)
DA:3,6
DA:5,6
DA:7,7
DA:11,8
DA:12,2
DA:16,6
LF:6
LH:6
BRDA:11,0,0,2
BRDA:11,0,1,6
BRF:2
BRH:2
end_of_record
TN:
SF:src\dominio\productos-por-pedido\modelo\productos-por-pedido.ts
FN:11,(anonymous_2)
FN:27,(anonymous_3)
FN:31,(anonymous_4)
FN:35,(anonymous_5)
FN:39,(anonymous_6)
FN:43,(anonymous_7)
FN:47,(anonymous_8)
FN:51,(anonymous_9)
FNF:8
FNH:8
FNDA:6,(anonymous_2)
FNDA:1,(anonymous_3)
FNDA:15,(anonymous_4)
FNDA:2,(anonymous_5)
FNDA:3,(anonymous_6)
FNDA:3,(anonymous_7)
FNDA:1,(anonymous_8)
FNDA:1,(anonymous_9)
DA:3,9
DA:4,6
DA:5,6
DA:6,6
DA:7,6
DA:8,6
DA:9,6
DA:19,6
DA:20,6
DA:21,6
DA:22,6
DA:23,6
DA:24,6
DA:28,1
DA:32,15
DA:36,2
DA:40,3
DA:44,3
DA:48,1
DA:52,1
LF:20
LH:20
BRF:0
BRH:0
end_of_record
TN:
SF:src\dominio\productos-por-pedido\puerto\dao\dao-productos-por-pedido.ts
FNF:0
FNH:0
DA:3,5
LF:1
LH:1
BRF:0
BRH:0
end_of_record
TN:
SF:src\dominio\productos-por-pedido\puerto\repositorio\repositorio-productos-por-pedido.ts
FNF:0
FNH:0
DA:3,5
LF:1
LH:1
BRF:0
BRH:0
end_of_record
TN:
SF:src\dominio\productos-por-pedido\servicio\servicio-eliminar-productos-por-pedido.ts
FN:7,(anonymous_0)
FN:12,(anonymous_1)
FNF:2
FNH:2
FNDA:7,(anonymous_0)
FNDA:4,(anonymous_1)
DA:2,6
DA:5,6
DA:8,7
DA:9,7
DA:13,4
DA:14,2
DA:18,2
DA:19,2
DA:20,2
DA:21,2
DA:22,2
DA:23,2
DA:24,2
DA:28,2
LF:14
LH:14
BRDA:13,0,0,2
BRDA:13,0,1,2
BRF:2
BRH:2
end_of_record
TN:
SF:src\dominio\productos-por-pedido\servicio\servicio-modificar-productos-por-pedido.ts
FN:6,(anonymous_0)
FN:9,(anonymous_1)
FNF:2
FNH:2
FNDA:8,(anonymous_0)
FNDA:6,(anonymous_1)
DA:2,6
DA:4,6
DA:6,8
DA:10,6
DA:11,2
DA:16,4
DA:17,2
DA:22,2
LF:8
LH:8
BRDA:10,0,0,2
BRDA:10,0,1,4
BRDA:16,1,0,2
BRDA:16,1,1,2
BRF:4
BRH:4
end_of_record
TN:
SF:src\dominio\productos-por-pedido\servicio\servicio-registrar-productos-por-pedido.ts
FN:7,(anonymous_0)
FN:12,(anonymous_1)
FNF:2
FNH:2
FNDA:6,(anonymous_0)
FNDA:3,(anonymous_1)
DA:5,6
DA:8,6
DA:9,6
DA:13,3
DA:14,2
DA:17,2
DA:18,2
DA:19,2
DA:20,2
DA:24,2
LF:10
LH:10
BRDA:15,0,0,0
BRDA:15,0,1,2
BRF:2
BRH:1
end_of_record
TN:
SF:src\dominio\usuario\modelo\usuario.ts
FN:8,(anonymous_2)
FN:14,(anonymous_3)
FN:22,(anonymous_4)
FN:26,(anonymous_5)
FNF:4
FNH:4
FNDA:8,(anonymous_2)
FNDA:8,(anonymous_3)
FNDA:10,(anonymous_4)
FNDA:3,(anonymous_5)
DA:1,7
DA:3,7
DA:4,7
DA:5,8
DA:6,8
DA:9,8
DA:10,6
DA:11,6
DA:15,8
DA:16,2
DA:23,10
DA:27,3
LF:12
LH:12
BRDA:15,0,0,2
BRDA:15,0,1,6
BRF:2
BRH:2
end_of_record
TN:
SF:src\dominio\usuario\puerto\dao\dao-usuario.ts
FNF:0
FNH:0
DA:3,5
LF:1
LH:1
BRF:0
BRH:0
end_of_record
TN:
SF:src\dominio\usuario\puerto\repositorio\repositorio-usuario.ts
FNF:0
FNH:0
DA:3,5
LF:1
LH:1
BRF:0
BRH:0
end_of_record
TN:
SF:src\dominio\usuario\servicio\servicio-eliminar-usuario.ts
FN:6,(anonymous_0)
FN:9,(anonymous_1)
FNF:2
FNH:2
FNDA:5,(anonymous_0)
FNDA:2,(anonymous_1)
DA:2,5
DA:4,5
DA:6,5
DA:10,2
DA:11,0
DA:15,2
LF:6
LH:5
BRDA:10,0,0,0
BRDA:10,0,1,2
BRF:2
BRH:1
end_of_record
TN:
SF:src\dominio\usuario\servicio\servicio-registrar-usuario.ts
FN:6,(anonymous_0)
FN:8,(anonymous_1)
FNF:2
FNH:2
FNDA:7,(anonymous_0)
FNDA:5,(anonymous_1)
DA:3,6
DA:5,6
DA:6,7
DA:9,5
DA:10,2
DA:14,3
LF:6
LH:6
BRDA:9,0,0,2
BRDA:9,0,1,3
BRF:2
BRH:2
end_of_record
TN:
SF:src\infraestructura\infraestructura.module.ts
FNF:0
FNH:0
DA:1,5
DA:2,5
DA:3,5
DA:4,5
DA:5,5
DA:6,5
DA:7,5
DA:8,5
DA:9,5
DA:10,5
DA:11,5
DA:12,5
DA:37,5
LF:13
LH:13
BRF:0
BRH:0
end_of_record
TN:
SF:src\infraestructura\configuracion\ceiba-logger.service.ts
FN:6,(anonymous_1)
FNF:1
FNH:0
FNDA:0,(anonymous_1)
DA:1,5
DA:4,5
DA:7,0
LF:3
LH:2
BRF:0
BRH:0
end_of_record
TN:
SF:src\infraestructura\configuracion\database.config.ts
FN:4,(anonymous_0)
FNF:1
FNH:1
FNDA:5,(anonymous_0)
DA:2,5
DA:4,5
LF:2
LH:2
BRF:0
BRH:0
end_of_record
TN:
SF:src\infraestructura\configuracion\environment\env-node.enum.ts
FN:1,(anonymous_0)
FNF:1
FNH:1
FNDA:5,(anonymous_0)
DA:1,5
DA:2,5
DA:3,5
DA:4,5
LF:4
LH:4
BRDA:1,0,0,5
BRDA:1,0,1,5
BRF:2
BRH:2
end_of_record
TN:
SF:src\infraestructura\configuracion\environment\env-variables.enum.ts
FN:1,(anonymous_0)
FNF:1
FNH:1
FNDA:5,(anonymous_0)
DA:1,5
DA:3,5
DA:4,5
DA:5,5
DA:6,5
DA:7,5
DA:8,5
DA:11,5
DA:12,5
DA:13,5
DA:14,5
DA:17,5
DA:18,5
LF:13
LH:13
BRDA:1,0,0,5
BRDA:1,0,1,5
BRF:2
BRH:2
end_of_record
TN:
SF:src\infraestructura\pedido\pedido.module.ts
FNF:0
FNH:0
DA:1,5
DA:2,5
DA:3,5
DA:13,5
LF:4
LH:4
BRF:0
BRH:0
end_of_record
TN:
SF:src\infraestructura\pedido\adaptador\dao\dao-pedido-postgres.ts
FN:10,(anonymous_4)
FN:15,(anonymous_5)
FN:19,(anonymous_6)
FN:23,(anonymous_7)
FNF:4
FNH:4
FNDA:5,(anonymous_4)
FNDA:1,(anonymous_5)
FNDA:1,(anonymous_6)
FNDA:1,(anonymous_7)
DA:1,5
DA:2,5
DA:3,5
DA:6,5
DA:9,5
DA:12,5
DA:16,1
DA:20,1
DA:24,1
LF:9
LH:9
BRF:0
BRH:0
end_of_record
TN:
SF:src\infraestructura\pedido\adaptador\repositorio\repositorio-pedido-postgres.ts
FN:11,(anonymous_4)
FN:15,(anonymous_5)
FN:19,(anonymous_6)
FN:23,(anonymous_7)
FN:25,(anonymous_8)
FN:30,(anonymous_9)
FN:46,(anonymous_10)
FN:58,(anonymous_11)
FN:62,(anonymous_12)
FNF:9
FNH:9
FNDA:10,(anonymous_4)
FNDA:4,(anonymous_5)
FNDA:7,(anonymous_6)
FNDA:2,(anonymous_7)
FNDA:4,(anonymous_8)
FNDA:2,(anonymous_9)
FNDA:3,(anonymous_10)
FNDA:3,(anonymous_11)
FNDA:3,(anonymous_12)
DA:3,5
DA:4,5
DA:5,5
DA:6,5
DA:7,5
DA:10,5
DA:13,10
DA:16,4
DA:20,7
DA:24,2
DA:25,2
DA:26,4
DA:31,2
DA:32,2
DA:47,3
DA:48,3
DA:49,3
DA:50,3
DA:51,3
DA:52,3
DA:53,3
DA:54,3
DA:55,3
DA:59,3
DA:63,3
LF:25
LH:25
BRF:0
BRH:0
end_of_record
TN:
SF:src\infraestructura\pedido\controlador\pedido.controlador.ts
FN:13,(anonymous_4)
FN:24,(anonymous_5)
FN:29,(anonymous_6)
FN:34,(anonymous_7)
FN:39,(anonymous_8)
FN:44,(anonymous_9)
FN:49,(anonymous_10)
FNF:7
FNH:7
FNDA:5,(anonymous_4)
FNDA:4,(anonymous_5)
FNDA:1,(anonymous_6)
FNDA:1,(anonymous_7)
FNDA:1,(anonymous_8)
FNDA:3,(anonymous_9)
FNDA:4,(anonymous_10)
DA:1,5
DA:2,5
DA:3,5
DA:4,5
DA:6,5
DA:7,5
DA:8,5
DA:9,5
DA:12,5
DA:14,5
DA:15,5
DA:16,5
DA:17,5
DA:18,5
DA:19,5
DA:24,5
DA:25,4
DA:29,5
DA:30,1
DA:34,5
DA:35,1
DA:39,5
DA:40,1
DA:44,5
DA:45,3
DA:49,5
DA:50,4
LF:27
LH:27
BRF:0
BRH:0
end_of_record
TN:
SF:src\infraestructura\pedido\entidad\pedido.entidad.ts
FN:12,(anonymous_2)
FN:12,(anonymous_3)
FNF:2
FNH:0
FNDA:0,(anonymous_2)
FNDA:0,(anonymous_3)
DA:1,5
DA:2,5
DA:5,5
DA:7,5
DA:10,5
DA:12,0
DA:18,5
DA:21,5
DA:24,5
DA:27,5
DA:30,5
DA:33,5
DA:36,5
DA:39,5
LF:14
LH:13
BRF:0
BRH:0
end_of_record
TN:
SF:src\infraestructura\pedido\proveedor\pedido-proveedor.module.ts
FNF:0
FNH:0
DA:1,5
DA:2,5
DA:3,5
DA:4,5
DA:5,5
DA:6,5
DA:7,5
DA:8,5
DA:9,5
DA:10,5
DA:11,5
DA:12,5
DA:13,5
DA:14,5
DA:15,5
DA:16,5
DA:17,5
DA:18,5
DA:19,5
DA:50,5
LF:20
LH:20
BRF:0
BRH:0
end_of_record
TN:
SF:src\infraestructura\pedido\proveedor\dao\dao-pedido.proveedor.ts
FNF:0
FNH:0
DA:1,5
DA:2,5
DA:4,5
LF:3
LH:3
BRF:0
BRH:0
end_of_record
TN:
SF:src\infraestructura\pedido\proveedor\repositorio\repositorio-pedido.proveedor.ts
FNF:0
FNH:0
DA:1,5
DA:2,5
DA:4,5
LF:3
LH:3
BRF:0
BRH:0
end_of_record
TN:
SF:src\infraestructura\pedido\proveedor\servicio\servicio-eliminar-pedido.proveedor.ts
FN:4,servicioEliminarPedidoProveedor
FNF:1
FNH:1
FNDA:5,servicioEliminarPedidoProveedor
DA:2,5
DA:4,5
DA:5,5
LF:3
LH:3
BRF:0
BRH:0
end_of_record
TN:
SF:src\infraestructura\pedido\proveedor\servicio\servicio-modificar-pedido.proveedor.ts
FN:4,servicioModificarPedidoProveedor
FNF:1
FNH:1
FNDA:5,servicioModificarPedidoProveedor
DA:2,5
DA:4,5
DA:5,5
LF:3
LH:3
BRF:0
BRH:0
end_of_record
TN:
SF:src\infraestructura\pedido\proveedor\servicio\servicio-registrar-pedido.proveedor.ts
FN:4,servicioRegistrarPedidoProveedor
FNF:1
FNH:1
FNDA:5,servicioRegistrarPedidoProveedor
DA:2,5
DA:4,5
DA:5,5
LF:3
LH:3
BRF:0
BRH:0
end_of_record
TN:
SF:src\infraestructura\producto\producto.module.ts
FNF:0
FNH:0
DA:1,5
DA:2,5
DA:3,5
DA:11,5
LF:4
LH:4
BRF:0
BRH:0
end_of_record
TN:
SF:src\infraestructura\producto-solicitado\producto-solicitado.module.ts
FNF:0
FNH:0
DA:1,5
DA:2,5
DA:3,5
DA:11,5
LF:4
LH:4
BRF:0
BRH:0
end_of_record
TN:
SF:src\infraestructura\producto-solicitado\adaptador\dao\dao-producto-solicitado-postgres.ts
FN:10,(anonymous_4)
FN:15,(anonymous_5)
FN:19,(anonymous_6)
FNF:3
FNH:3
FNDA:5,(anonymous_4)
FNDA:1,(anonymous_5)
FNDA:1,(anonymous_6)
DA:1,5
DA:2,5
DA:3,5
DA:4,5
DA:9,5
DA:12,5
DA:16,1
DA:20,1
LF:8
LH:8
BRF:0
BRH:0
end_of_record
TN:
SF:src\infraestructura\producto-solicitado\adaptador\repositorio\repositorio-producto-solicitado-postgres.ts
FN:11,(anonymous_4)
FN:16,(anonymous_5)
FN:20,(anonymous_6)
FN:22,(anonymous_7)
FN:27,(anonymous_8)
FN:43,(anonymous_9)
FN:56,(anonymous_10)
FN:67,(anonymous_11)
FNF:8
FNH:6
FNDA:10,(anonymous_4)
FNDA:4,(anonymous_5)
FNDA:0,(anonymous_6)
FNDA:0,(anonymous_7)
FNDA:2,(anonymous_8)
FNDA:3,(anonymous_9)
FNDA:1,(anonymous_10)
FNDA:2,(anonymous_11)
DA:2,5
DA:3,5
DA:4,5
DA:5,5
DA:6,5
DA:10,5
DA:13,10
DA:17,4
DA:21,0
DA:22,0
DA:23,0
DA:28,2
DA:29,2
DA:44,3
DA:45,3
DA:46,3
DA:47,3
DA:48,3
DA:49,3
DA:50,3
DA:51,3
DA:52,3
DA:53,3
DA:57,1
DA:68,2
LF:25
LH:22
BRF:0
BRH:0
end_of_record
TN:
SF:src\infraestructura\producto-solicitado\controlador\producto-solicitado.controlador.ts
FN:11,(anonymous_4)
FN:20,(anonymous_5)
FN:25,(anonymous_6)
FN:30,(anonymous_7)
FN:35,(anonymous_8)
FNF:5
FNH:5
FNDA:5,(anonymous_4)
FNDA:4,(anonymous_5)
FNDA:1,(anonymous_6)
FNDA:1,(anonymous_7)
FNDA:3,(anonymous_8)
DA:1,5
DA:2,5
DA:3,5
DA:4,5
DA:5,5
DA:6,5
DA:10,5
DA:12,5
DA:13,5
DA:14,5
DA:15,5
DA:20,5
DA:21,4
DA:25,5
DA:26,1
DA:30,5
DA:31,1
DA:35,5
DA:36,3
LF:19
LH:19
BRF:0
BRH:0
end_of_record
TN:
SF:src\infraestructura\producto-solicitado\entidad\producto-solicitado.entidad.ts
FN:9,(anonymous_2)
FN:9,(anonymous_3)
FNF:2
FNH:0
FNDA:0,(anonymous_2)
FNDA:0,(anonymous_3)
DA:1,5
DA:2,5
DA:5,5
DA:7,5
DA:9,0
DA:13,5
DA:16,5
DA:19,5
DA:22,5
DA:25,5
DA:28,5
DA:31,5
DA:34,5
DA:37,5
LF:14
LH:13
BRF:0
BRH:0
end_of_record
TN:
SF:src\infraestructura\producto-solicitado\proveedor\producto-solicitado-proveedor.module.ts
FNF:0
FNH:0
DA:1,5
DA:2,5
DA:3,5
DA:5,5
DA:6,5
DA:8,5
DA:9,5
DA:10,5
DA:12,5
DA:13,5
DA:14,5
DA:16,5
DA:17,5
DA:18,5
DA:20,5
DA:21,5
DA:23,5
DA:24,5
DA:50,5
LF:19
LH:19
BRF:0
BRH:0
end_of_record
TN:
SF:src\infraestructura\producto-solicitado\proveedor\dao\dao-producto-solicitado.proveedor.ts
FNF:0
FNH:0
DA:1,5
DA:2,5
DA:4,5
LF:3
LH:3
BRF:0
BRH:0
end_of_record
TN:
SF:src\infraestructura\producto-solicitado\proveedor\repositorio\repositorio-producto-solicitado.proveedor.ts
FNF:0
FNH:0
DA:1,5
DA:2,5
DA:4,5
LF:3
LH:3
BRF:0
BRH:0
end_of_record
TN:
SF:src\infraestructura\producto-solicitado\proveedor\servicio\servicio-eliminar-producto-solicitado.proveedor.ts
FN:4,servicioEliminarProductoSolicitadoProveedor
FNF:1
FNH:1
FNDA:5,servicioEliminarProductoSolicitadoProveedor
DA:2,5
DA:4,5
DA:5,5
LF:3
LH:3
BRF:0
BRH:0
end_of_record
TN:
SF:src\infraestructura\producto-solicitado\proveedor\servicio\servicio-registrar-producto-solicitado.proveedor.ts
FN:4,servicioRegistrarProductoSolicitadoProveedor
FNF:1
FNH:1
FNDA:5,servicioRegistrarProductoSolicitadoProveedor
DA:2,5
DA:4,5
DA:5,5
LF:3
LH:3
BRF:0
BRH:0
end_of_record
TN:
SF:src\infraestructura\producto\adaptador\dao\dao-producto-postgres.ts
FN:10,(anonymous_4)
FN:15,(anonymous_5)
FN:21,(anonymous_6)
FNF:3
FNH:3
FNDA:5,(anonymous_4)
FNDA:2,(anonymous_5)
FNDA:2,(anonymous_6)
DA:1,5
DA:2,5
DA:3,5
DA:4,5
DA:9,5
DA:12,5
DA:16,2
DA:22,2
LF:8
LH:8
BRF:0
BRH:0
end_of_record
TN:
SF:src\infraestructura\producto\adaptador\repositorio\repositorio-producto-postgres.ts
FN:10,(anonymous_4)
FN:15,(anonymous_5)
FN:19,(anonymous_6)
FN:23,(anonymous_7)
FN:26,(anonymous_8)
FN:31,(anonymous_9)
FN:44,(anonymous_10)
FN:53,(anonymous_11)
FN:57,(anonymous_12)
FNF:9
FNH:9
FNDA:10,(anonymous_4)
FNDA:6,(anonymous_5)
FNDA:9,(anonymous_6)
FNDA:2,(anonymous_7)
FNDA:3,(anonymous_8)
FNDA:4,(anonymous_9)
FNDA:5,(anonymous_10)
FNDA:1,(anonymous_11)
FNDA:5,(anonymous_12)
DA:2,5
DA:3,5
DA:4,5
DA:5,5
DA:6,5
DA:9,5
DA:12,10
DA:16,6
DA:20,9
DA:24,2
DA:25,2
DA:26,2
DA:27,3
DA:32,4
DA:33,4
DA:45,5
DA:46,5
DA:47,5
DA:48,5
DA:49,5
DA:50,5
DA:54,1
DA:58,5
LF:23
LH:23
BRF:0
BRH:0
end_of_record
TN:
SF:src\infraestructura\producto\controlador\producto.controlador.ts
FN:12,(anonymous_4)
FN:22,(anonymous_5)
FN:27,(anonymous_6)
FN:32,(anonymous_7)
FN:37,(anonymous_8)
FN:42,(anonymous_9)
FNF:6
FNH:6
FNDA:5,(anonymous_4)
FNDA:7,(anonymous_5)
FNDA:2,(anonymous_6)
FNDA:2,(anonymous_7)
FNDA:3,(anonymous_8)
FNDA:6,(anonymous_9)
DA:1,5
DA:2,5
DA:3,5
DA:4,5
DA:5,5
DA:6,5
DA:7,5
DA:11,5
DA:13,5
DA:14,5
DA:15,5
DA:16,5
DA:17,5
DA:22,5
DA:23,7
DA:27,5
DA:28,2
DA:32,5
DA:33,2
DA:37,5
DA:38,3
DA:42,5
DA:43,6
LF:23
LH:23
BRF:0
BRH:0
end_of_record
TN:
SF:src\infraestructura\producto\entidad\producto.entidad.ts
FNF:0
FNH:0
DA:1,5
DA:4,5
DA:6,5
DA:9,5
DA:12,5
DA:15,5
DA:18,5
DA:21,5
DA:24,5
LF:9
LH:9
BRF:0
BRH:0
end_of_record
TN:
SF:src\infraestructura\producto\proveedor\producto-proveedor.module.ts
FNF:0
FNH:0
DA:1,5
DA:2,5
DA:4,5
DA:5,5
DA:7,5
DA:8,5
DA:9,5
DA:11,5
DA:12,5
DA:13,5
DA:15,5
DA:16,5
DA:17,5
DA:19,5
DA:20,5
DA:21,5
DA:23,5
DA:24,5
DA:53,5
LF:19
LH:19
BRF:0
BRH:0
end_of_record
TN:
SF:src\infraestructura\producto\proveedor\dao\dao-producto.proveedor.ts
FNF:0
FNH:0
DA:1,5
DA:2,5
DA:4,5
LF:3
LH:3
BRF:0
BRH:0
end_of_record
TN:
SF:src\infraestructura\producto\proveedor\repositorio\repositorio-producto.proveedor.ts
FNF:0
FNH:0
DA:1,5
DA:2,5
DA:4,5
LF:3
LH:3
BRF:0
BRH:0
end_of_record
TN:
SF:src\infraestructura\producto\proveedor\servicio\servicio-eliminar-producto.proveedor.ts
FN:4,servicioEliminarProductoProveedor
FNF:1
FNH:1
FNDA:5,servicioEliminarProductoProveedor
DA:2,5
DA:4,5
DA:5,5
LF:3
LH:3
BRF:0
BRH:0
end_of_record
TN:
SF:src\infraestructura\producto\proveedor\servicio\servicio-modificar-producto.proveedor.ts
FN:4,servicioModificarProductoProveedor
FNF:1
FNH:1
FNDA:5,servicioModificarProductoProveedor
DA:2,5
DA:4,5
DA:5,5
LF:3
LH:3
BRF:0
BRH:0
end_of_record
TN:
SF:src\infraestructura\producto\proveedor\servicio\servicio-registrar-producto.proveedor.ts
FN:4,servicioRegistrarProductoProveedor
FNF:1
FNH:1
FNDA:5,servicioRegistrarProductoProveedor
DA:2,5
DA:4,5
DA:5,5
LF:3
LH:3
BRF:0
BRH:0
end_of_record
TN:
SF:src\infraestructura\productos-por-pedido\productos-por-pedido.module.ts
FNF:0
FNH:0
DA:1,5
DA:2,5
DA:3,5
DA:11,5
LF:4
LH:4
BRF:0
BRH:0
end_of_record
TN:
SF:src\infraestructura\productos-por-pedido\adaptador\dao\dao-productos-por-pedido-postgres.ts
FN:11,(anonymous_4)
FN:16,(anonymous_5)
FN:20,(anonymous_6)
FNF:3
FNH:3
FNDA:5,(anonymous_4)
FNDA:1,(anonymous_5)
FNDA:1,(anonymous_6)
DA:1,5
DA:2,5
DA:3,5
DA:6,5
DA:10,5
DA:13,5
DA:17,1
DA:21,1
LF:8
LH:8
BRF:0
BRH:0
end_of_record
TN:
SF:src\infraestructura\productos-por-pedido\adaptador\repositorio\repositorio-productos-por-pedido-postgres.ts
FN:10,(anonymous_4)
FN:15,(anonymous_5)
FN:19,(anonymous_6)
FN:21,(anonymous_7)
FN:26,(anonymous_8)
FN:32,(anonymous_9)
FN:40,(anonymous_10)
FN:44,(anonymous_11)
FNF:8
FNH:8
FNDA:5,(anonymous_4)
FNDA:5,(anonymous_5)
FNDA:2,(anonymous_6)
FNDA:2,(anonymous_7)
FNDA:1,(anonymous_8)
FNDA:2,(anonymous_9)
FNDA:1,(anonymous_10)
FNDA:1,(anonymous_11)
DA:3,5
DA:4,5
DA:5,5
DA:6,5
DA:9,5
DA:12,5
DA:16,5
DA:20,2
DA:21,2
DA:22,2
DA:27,1
DA:33,2
DA:34,2
DA:35,2
DA:36,2
DA:37,2
DA:41,1
DA:45,1
LF:18
LH:18
BRF:0
BRH:0
end_of_record
TN:
SF:src\infraestructura\productos-por-pedido\controlador\productos-por-pedido.controlador.ts
FN:12,(anonymous_4)
FN:22,(anonymous_5)
FN:27,(anonymous_6)
FN:32,(anonymous_7)
FN:37,(anonymous_8)
FN:42,(anonymous_9)
FNF:6
FNH:6
FNDA:5,(anonymous_4)
FNDA:2,(anonymous_5)
FNDA:1,(anonymous_6)
FNDA:1,(anonymous_7)
FNDA:3,(anonymous_8)
FNDA:2,(anonymous_9)
DA:1,5
DA:2,5
DA:3,5
DA:4,5
DA:6,5
DA:7,5
DA:8,5
DA:11,5
DA:13,5
DA:14,5
DA:15,5
DA:16,5
DA:17,5
DA:22,5
DA:23,2
DA:27,5
DA:28,1
DA:32,5
DA:33,1
DA:37,5
DA:38,3
DA:42,5
DA:43,2
LF:23
LH:23
BRF:0
BRH:0
end_of_record
TN:
SF:src\infraestructura\productos-por-pedido\entidad\productos-por-pedido.entidad.ts
FN:10,(anonymous_2)
FN:10,(anonymous_3)
FN:15,(anonymous_4)
FNF:3
FNH:0
FNDA:0,(anonymous_2)
FNDA:0,(anonymous_3)
FNDA:0,(anonymous_4)
DA:1,5
DA:2,5
DA:3,5
DA:6,5
DA:8,5
DA:10,0
DA:13,5
DA:15,0
DA:21,5
DA:24,5
DA:27,5
DA:30,5
LF:12
LH:10
BRF:0
BRH:0
end_of_record
TN:
SF:src\infraestructura\productos-por-pedido\proveedor\productos-por-pedido-proveedor.module.ts
FNF:0
FNH:0
DA:1,5
DA:2,5
DA:3,5
DA:5,5
DA:6,5
DA:8,5
DA:9,5
DA:10,5
DA:12,5
DA:13,5
DA:14,5
DA:16,5
DA:17,5
DA:18,5
DA:20,5
DA:21,5
DA:22,5
DA:24,5
DA:25,5
DA:26,5
DA:27,5
DA:28,5
DA:29,5
DA:30,5
DA:61,5
LF:25
LH:25
BRF:0
BRH:0
end_of_record
TN:
SF:src\infraestructura\productos-por-pedido\proveedor\dao\dao-productos-por-pedido.proveedor.ts
FNF:0
FNH:0
DA:1,5
DA:2,5
DA:4,5
LF:3
LH:3
BRF:0
BRH:0
end_of_record
TN:
SF:src\infraestructura\productos-por-pedido\proveedor\repositorio\repositorio-productos-por-pedido.proveedor.ts
FNF:0
FNH:0
DA:1,5
DA:2,5
DA:4,5
LF:3
LH:3
BRF:0
BRH:0
end_of_record
TN:
SF:src\infraestructura\productos-por-pedido\proveedor\servicio\servicio-eliminar-productos-por-pedido.proveedor.ts
FN:5,servicioEliminarProductosPorPedidoProveedor
FNF:1
FNH:1
FNDA:5,servicioEliminarProductosPorPedidoProveedor
DA:3,5
DA:5,5
DA:9,5
LF:3
LH:3
BRF:0
BRH:0
end_of_record
TN:
SF:src\infraestructura\productos-por-pedido\proveedor\servicio\servicio-modificar-productos-por-pedido.proveedor.ts
FN:4,servicioModificarProductosPorPedidoProveedor
FNF:1
FNH:1
FNDA:5,servicioModificarProductosPorPedidoProveedor
DA:2,5
DA:4,5
DA:5,5
LF:3
LH:3
BRF:0
BRH:0
end_of_record
TN:
SF:src\infraestructura\productos-por-pedido\proveedor\servicio\servicio-registrar-productos-por-pedido.proveedor.ts
FN:5,servicioRegistrarProductosPorPedidoProveedor
FNF:1
FNH:1
FNDA:5,servicioRegistrarProductosPorPedidoProveedor
DA:3,5
DA:5,5
DA:9,5
LF:3
LH:3
BRF:0
BRH:0
end_of_record
TN:
SF:src\infraestructura\usuario\usuario.module.ts
FNF:0
FNH:0
DA:1,5
DA:2,5
DA:3,5
DA:11,5
LF:4
LH:4
BRF:0
BRH:0
end_of_record
TN:
SF:src\infraestructura\usuario\adaptador\dao\dao-usuario-mysql.ts
FN:9,(anonymous_4)
FN:14,(anonymous_5)
FNF:2
FNH:2
FNDA:5,(anonymous_4)
FNDA:1,(anonymous_5)
DA:1,5
DA:2,5
DA:3,5
DA:8,5
DA:11,5
DA:15,1
LF:6
LH:6
BRF:0
BRH:0
end_of_record
TN:
SF:src\infraestructura\usuario\adaptador\repositorio\repositorio-usuario-mysql.ts
FN:10,(anonymous_4)
FN:15,(anonymous_5)
FN:19,(anonymous_6)
FN:23,(anonymous_7)
FN:30,(anonymous_8)
FNF:5
FNH:5
FNDA:5,(anonymous_4)
FNDA:3,(anonymous_5)
FNDA:2,(anonymous_6)
FNDA:2,(anonymous_7)
FNDA:2,(anonymous_8)
DA:3,5
DA:4,5
DA:5,5
DA:6,5
DA:9,5
DA:12,5
DA:16,3
DA:20,2
DA:24,2
DA:25,2
DA:26,2
DA:27,2
DA:31,2
LF:13
LH:13
BRF:0
BRH:0
end_of_record
TN:
SF:src\infraestructura\usuario\controlador\usuario.controlador.ts
FN:10,(anonymous_4)
FN:18,(anonymous_5)
FN:23,(anonymous_6)
FN:28,(anonymous_7)
FNF:4
FNH:4
FNDA:5,(anonymous_4)
FNDA:4,(anonymous_5)
FNDA:1,(anonymous_6)
FNDA:2,(anonymous_7)
DA:1,5
DA:2,5
DA:3,5
DA:4,5
DA:6,5
DA:9,5
DA:11,5
DA:12,5
DA:13,5
DA:18,5
DA:19,4
DA:23,5
DA:24,1
DA:28,5
DA:29,2
LF:15
LH:15
BRF:0
BRH:0
end_of_record
TN:
SF:src\infraestructura\usuario\entidad\usuario.entidad.ts
FNF:0
FNH:0
DA:1,5
DA:4,5
DA:6,5
DA:9,5
DA:12,5
DA:15,5
DA:18,5
LF:7
LH:7
BRF:0
BRH:0
end_of_record
TN:
SF:src\infraestructura\usuario\proveedor\usuario-proveedor.module.ts
FNF:0
FNH:0
DA:1,5
DA:2,5
DA:3,5
DA:4,5
DA:5,5
DA:6,5
DA:7,5
DA:8,5
DA:9,5
DA:10,5
DA:11,5
DA:12,5
DA:13,5
DA:14,5
DA:36,5
LF:15
LH:15
BRF:0
BRH:0
end_of_record
TN:
SF:src\infraestructura\usuario\proveedor\dao\dao-usuario.proveedor.ts
FNF:0
FNH:0
DA:1,5
DA:2,5
DA:4,5
LF:3
LH:3
BRF:0
BRH:0
end_of_record
TN:
SF:src\infraestructura\usuario\proveedor\repositorio\repositorio-usuario.proveedor.ts
FNF:0
FNH:0
DA:1,5
DA:2,5
DA:4,5
LF:3
LH:3
BRF:0
BRH:0
end_of_record
TN:
SF:src\infraestructura\usuario\proveedor\servicio\servicio-eliminar-usuario.proveedor.ts
FN:4,servicioEliminarUsuarioProveedor
FNF:1
FNH:1
FNDA:5,servicioEliminarUsuarioProveedor
DA:2,5
DA:4,5
DA:5,5
LF:3
LH:3
BRF:0
BRH:0
end_of_record
TN:
SF:src\infraestructura\usuario\proveedor\servicio\servicio-registrar-usuario.proveedor.ts
FN:4,servicioRegistrarUsuarioProveedor
FNF:1
FNH:1
FNDA:5,servicioRegistrarUsuarioProveedor
DA:2,5
DA:4,5
DA:5,5
LF:3
LH:3
BRF:0
BRH:0
end_of_record
TN:
SF:test\util\create-object.stub.ts
FN:14,createStubObj
FN:22,(anonymous_1)
FNF:2
FNH:2
FNDA:29,createStubObj
FNDA:71,(anonymous_1)
DA:1,12
DA:14,12
DA:16,29
DA:17,0
DA:19,29
DA:21,29
DA:22,71
DA:23,29
LF:8
LH:7
BRDA:16,0,0,0
BRDA:16,0,1,29
BRF:2
BRH:1
end_of_record
